mode: atomic
github.com/cyberark/ark-sdk-golang/cmd/ark.go:66.13,83.36 6 0
github.com/cyberark/ark-sdk-golang/cmd/ark.go:83.36,85.3 1 0
github.com/cyberark/ark-sdk-golang/cmd/ark.go:86.2,86.42 1 0
github.com/cyberark/ark-sdk-golang/cmd/ark.go:86.42,89.3 2 0
github.com/cyberark/ark-sdk-golang/pkg/auth/identity/ark_identity.go:72.105,75.16 3 0
github.com/cyberark/ark-sdk-golang/pkg/auth/identity/ark_identity.go:75.16,77.3 1 0
github.com/cyberark/ark-sdk-golang/pkg/auth/identity/ark_identity.go:78.2,79.16 2 0
github.com/cyberark/ark-sdk-golang/pkg/auth/identity/ark_identity.go:79.16,81.3 1 0
github.com/cyberark/ark-sdk-golang/pkg/auth/identity/ark_identity.go:82.2,82.36 1 0
github.com/cyberark/ark-sdk-golang/pkg/auth/identity/ark_identity.go:82.36,83.92 1 0
github.com/cyberark/ark-sdk-golang/pkg/auth/identity/ark_identity.go:83.92,84.54 1 0
github.com/cyberark/ark-sdk-golang/pkg/auth/identity/ark_identity.go:84.54,86.5 1 0
github.com/cyberark/ark-sdk-golang/pkg/auth/identity/ark_identity.go:87.4,87.21 1 0
github.com/cyberark/ark-sdk-golang/pkg/auth/identity/ark_identity.go:89.3,89.19 1 0
github.com/cyberark/ark-sdk-golang/pkg/auth/identity/ark_identity.go:91.2,91.19 1 0
github.com/cyberark/ark-sdk-golang/pkg/auth/identity/ark_identity.go:95.101,97.16 2 0
github.com/cyberark/ark-sdk-golang/pkg/auth/identity/ark_identity.go:97.16,99.3 1 0
github.com/cyberark/ark-sdk-golang/pkg/auth/identity/ark_identity.go:100.2,100.13 1 0
github.com/cyberark/ark-sdk-golang/pkg/auth/identity/ark_identity.go:100.13,102.3 1 0
github.com/cyberark/ark-sdk-golang/pkg/auth/identity/ark_identity.go:104.2,105.16 2 0
github.com/cyberark/ark-sdk-golang/pkg/auth/identity/ark_identity.go:105.16,107.3 1 0
github.com/cyberark/ark-sdk-golang/pkg/auth/identity/ark_identity.go:109.2,110.16 2 0
github.com/cyberark/ark-sdk-golang/pkg/auth/identity/ark_identity.go:110.16,112.3 1 0
github.com/cyberark/ark-sdk-golang/pkg/auth/identity/ark_identity.go:114.2,114.46 1 0
github.com/cyberark/ark-sdk-golang/pkg/auth/identity/ark_identity.go:118.99,120.16 2 0
github.com/cyberark/ark-sdk-golang/pkg/auth/identity/ark_identity.go:120.16,122.3 1 0
github.com/cyberark/ark-sdk-golang/pkg/auth/identity/ark_identity.go:123.2,124.16 2 0
github.com/cyberark/ark-sdk-golang/pkg/auth/identity/ark_identity.go:124.16,126.3 1 0
github.com/cyberark/ark-sdk-golang/pkg/auth/identity/ark_identity.go:127.2,127.19 1 0
github.com/cyberark/ark-sdk-golang/pkg/auth/identity/ark_identity.go:127.19,129.3 1 0
github.com/cyberark/ark-sdk-golang/pkg/auth/identity/ark_identity.go:130.2,135.132 2 0
github.com/cyberark/ark-sdk-golang/pkg/auth/identity/ark_identity.go:139.246,141.19 2 0
github.com/cyberark/ark-sdk-golang/pkg/auth/identity/ark_identity.go:141.19,143.3 1 0
github.com/cyberark/ark-sdk-golang/pkg/auth/identity/ark_identity.go:144.2,153.23 2 0
github.com/cyberark/ark-sdk-golang/pkg/auth/identity/ark_identity.go:153.23,154.36 1 0
github.com/cyberark/ark-sdk-golang/pkg/auth/identity/ark_identity.go:154.36,156.4 1 0
github.com/cyberark/ark-sdk-golang/pkg/auth/identity/ark_identity.go:156.9,159.4 2 0
github.com/cyberark/ark-sdk-golang/pkg/auth/identity/ark_identity.go:161.2,161.16 1 0
github.com/cyberark/ark-sdk-golang/pkg/auth/identity/ark_identity.go:161.16,163.3 1 0
github.com/cyberark/ark-sdk-golang/pkg/auth/identity/ark_identity.go:164.2,167.25 3 0
github.com/cyberark/ark-sdk-golang/pkg/auth/identity/ark_identity.go:167.25,169.3 1 0
github.com/cyberark/ark-sdk-golang/pkg/auth/identity/ark_identity.go:171.2,171.61 1 0
github.com/cyberark/ark-sdk-golang/pkg/auth/identity/ark_identity.go:171.61,173.3 1 0
github.com/cyberark/ark-sdk-golang/pkg/auth/identity/ark_identity.go:174.2,174.26 1 0
github.com/cyberark/ark-sdk-golang/pkg/auth/identity/ark_identity.go:177.67,178.41 1 0
github.com/cyberark/ark-sdk-golang/pkg/auth/identity/ark_identity.go:178.41,180.17 2 0
github.com/cyberark/ark-sdk-golang/pkg/auth/identity/ark_identity.go:180.17,183.4 2 0
github.com/cyberark/ark-sdk-golang/pkg/auth/identity/ark_identity.go:184.3,185.17 2 0
github.com/cyberark/ark-sdk-golang/pkg/auth/identity/ark_identity.go:185.17,188.4 2 0
github.com/cyberark/ark-sdk-golang/pkg/auth/identity/ark_identity.go:189.3,189.37 1 0
github.com/cyberark/ark-sdk-golang/pkg/auth/identity/ark_identity.go:189.37,191.18 2 0
github.com/cyberark/ark-sdk-golang/pkg/auth/identity/ark_identity.go:191.18,193.5 1 0
github.com/cyberark/ark-sdk-golang/pkg/auth/identity/ark_identity.go:194.4,197.18 4 0
github.com/cyberark/ark-sdk-golang/pkg/auth/identity/ark_identity.go:197.18,199.5 1 0
github.com/cyberark/ark-sdk-golang/pkg/auth/identity/ark_identity.go:200.4,202.70 3 0
github.com/cyberark/ark-sdk-golang/pkg/auth/identity/ark_identity.go:202.70,204.5 1 0
github.com/cyberark/ark-sdk-golang/pkg/auth/identity/ark_identity.go:205.4,208.70 3 0
github.com/cyberark/ark-sdk-golang/pkg/auth/identity/ark_identity.go:208.70,210.5 1 0
github.com/cyberark/ark-sdk-golang/pkg/auth/identity/ark_identity.go:211.4,213.15 3 0
github.com/cyberark/ark-sdk-golang/pkg/auth/identity/ark_identity.go:216.2,216.14 1 0
github.com/cyberark/ark-sdk-golang/pkg/auth/identity/ark_identity.go:219.68,220.69 1 0
github.com/cyberark/ark-sdk-golang/pkg/auth/identity/ark_identity.go:220.69,222.17 2 0
github.com/cyberark/ark-sdk-golang/pkg/auth/identity/ark_identity.go:222.17,224.4 1 0
github.com/cyberark/ark-sdk-golang/pkg/auth/identity/ark_identity.go:225.3,227.17 3 0
github.com/cyberark/ark-sdk-golang/pkg/auth/identity/ark_identity.go:227.17,229.4 1 0
github.com/cyberark/ark-sdk-golang/pkg/auth/identity/ark_identity.go:230.3,238.17 2 0
github.com/cyberark/ark-sdk-golang/pkg/auth/identity/ark_identity.go:238.17,240.4 1 0
github.com/cyberark/ark-sdk-golang/pkg/auth/identity/ark_identity.go:241.3,246.17 3 0
github.com/cyberark/ark-sdk-golang/pkg/auth/identity/ark_identity.go:246.17,248.4 1 0
github.com/cyberark/ark-sdk-golang/pkg/auth/identity/ark_identity.go:249.3,257.17 2 0
github.com/cyberark/ark-sdk-golang/pkg/auth/identity/ark_identity.go:257.17,259.4 1 0
github.com/cyberark/ark-sdk-golang/pkg/auth/identity/ark_identity.go:261.2,261.12 1 0
github.com/cyberark/ark-sdk-golang/pkg/auth/identity/ark_identity.go:264.83,277.16 3 0
github.com/cyberark/ark-sdk-golang/pkg/auth/identity/ark_identity.go:277.16,279.3 1 0
github.com/cyberark/ark-sdk-golang/pkg/auth/identity/ark_identity.go:280.2,280.33 1 0
github.com/cyberark/ark-sdk-golang/pkg/auth/identity/ark_identity.go:280.33,282.17 2 0
github.com/cyberark/ark-sdk-golang/pkg/auth/identity/ark_identity.go:282.17,284.4 1 0
github.com/cyberark/ark-sdk-golang/pkg/auth/identity/ark_identity.go:287.2,288.73 2 0
github.com/cyberark/ark-sdk-golang/pkg/auth/identity/ark_identity.go:288.73,290.3 1 0
github.com/cyberark/ark-sdk-golang/pkg/auth/identity/ark_identity.go:291.2,291.24 1 0
github.com/cyberark/ark-sdk-golang/pkg/auth/identity/ark_identity.go:291.24,293.3 1 0
github.com/cyberark/ark-sdk-golang/pkg/auth/identity/ark_identity.go:294.2,294.84 1 0
github.com/cyberark/ark-sdk-golang/pkg/auth/identity/ark_identity.go:294.84,296.3 1 0
github.com/cyberark/ark-sdk-golang/pkg/auth/identity/ark_identity.go:298.2,298.24 1 0
github.com/cyberark/ark-sdk-golang/pkg/auth/identity/ark_identity.go:301.151,313.16 3 0
github.com/cyberark/ark-sdk-golang/pkg/auth/identity/ark_identity.go:313.16,315.3 1 0
github.com/cyberark/ark-sdk-golang/pkg/auth/identity/ark_identity.go:316.2,316.33 1 0
github.com/cyberark/ark-sdk-golang/pkg/auth/identity/ark_identity.go:316.33,318.17 2 0
github.com/cyberark/ark-sdk-golang/pkg/auth/identity/ark_identity.go:318.17,320.4 1 0
github.com/cyberark/ark-sdk-golang/pkg/auth/identity/ark_identity.go:322.2,323.16 2 0
github.com/cyberark/ark-sdk-golang/pkg/auth/identity/ark_identity.go:323.16,325.3 1 0
github.com/cyberark/ark-sdk-golang/pkg/auth/identity/ark_identity.go:326.2,326.15 1 0
github.com/cyberark/ark-sdk-golang/pkg/auth/identity/ark_identity.go:326.15,328.61 2 0
github.com/cyberark/ark-sdk-golang/pkg/auth/identity/ark_identity.go:328.61,330.4 1 0
github.com/cyberark/ark-sdk-golang/pkg/auth/identity/ark_identity.go:331.3,331.24 1 0
github.com/cyberark/ark-sdk-golang/pkg/auth/identity/ark_identity.go:333.2,334.61 2 0
github.com/cyberark/ark-sdk-golang/pkg/auth/identity/ark_identity.go:334.61,336.3 1 0
github.com/cyberark/ark-sdk-golang/pkg/auth/identity/ark_identity.go:337.2,337.48 1 0
github.com/cyberark/ark-sdk-golang/pkg/auth/identity/ark_identity.go:337.48,339.61 2 0
github.com/cyberark/ark-sdk-golang/pkg/auth/identity/ark_identity.go:339.61,341.4 1 0
github.com/cyberark/ark-sdk-golang/pkg/auth/identity/ark_identity.go:342.3,342.24 1 0
github.com/cyberark/ark-sdk-golang/pkg/auth/identity/ark_identity.go:344.2,344.24 1 0
github.com/cyberark/ark-sdk-golang/pkg/auth/identity/ark_identity.go:347.105,356.16 3 0
github.com/cyberark/ark-sdk-golang/pkg/auth/identity/ark_identity.go:356.16,358.3 1 0
github.com/cyberark/ark-sdk-golang/pkg/auth/identity/ark_identity.go:359.2,359.33 1 0
github.com/cyberark/ark-sdk-golang/pkg/auth/identity/ark_identity.go:359.33,361.17 2 0
github.com/cyberark/ark-sdk-golang/pkg/auth/identity/ark_identity.go:361.17,363.4 1 0
github.com/cyberark/ark-sdk-golang/pkg/auth/identity/ark_identity.go:365.2,367.62 3 0
github.com/cyberark/ark-sdk-golang/pkg/auth/identity/ark_identity.go:367.62,369.3 1 0
github.com/cyberark/ark-sdk-golang/pkg/auth/identity/ark_identity.go:370.2,370.24 1 0
github.com/cyberark/ark-sdk-golang/pkg/auth/identity/ark_identity.go:373.155,374.18 1 0
github.com/cyberark/ark-sdk-golang/pkg/auth/identity/ark_identity.go:374.18,376.3 1 0
github.com/cyberark/ark-sdk-golang/pkg/auth/identity/ark_identity.go:377.2,382.16 4 0
github.com/cyberark/ark-sdk-golang/pkg/auth/identity/ark_identity.go:382.16,384.3 1 0
github.com/cyberark/ark-sdk-golang/pkg/auth/identity/ark_identity.go:385.2,385.18 1 0
github.com/cyberark/ark-sdk-golang/pkg/auth/identity/ark_identity.go:385.18,387.3 1 0
github.com/cyberark/ark-sdk-golang/pkg/auth/identity/ark_identity.go:388.2,389.16 2 0
github.com/cyberark/ark-sdk-golang/pkg/auth/identity/ark_identity.go:389.16,391.3 1 0
github.com/cyberark/ark-sdk-golang/pkg/auth/identity/ark_identity.go:392.2,392.63 1 0
github.com/cyberark/ark-sdk-golang/pkg/auth/identity/ark_identity.go:392.63,394.3 1 0
github.com/cyberark/ark-sdk-golang/pkg/auth/identity/ark_identity.go:395.2,395.158 1 0
github.com/cyberark/ark-sdk-golang/pkg/auth/identity/ark_identity.go:395.158,403.17 4 0
github.com/cyberark/ark-sdk-golang/pkg/auth/identity/ark_identity.go:403.17,405.4 1 0
github.com/cyberark/ark-sdk-golang/pkg/auth/identity/ark_identity.go:406.3,407.29 2 0
github.com/cyberark/ark-sdk-golang/pkg/auth/identity/ark_identity.go:407.29,408.48 1 0
github.com/cyberark/ark-sdk-golang/pkg/auth/identity/ark_identity.go:408.48,410.5 1 0
github.com/cyberark/ark-sdk-golang/pkg/auth/identity/ark_identity.go:412.3,412.13 1 0
github.com/cyberark/ark-sdk-golang/pkg/auth/identity/ark_identity.go:414.2,414.90 1 0
github.com/cyberark/ark-sdk-golang/pkg/auth/identity/ark_identity.go:417.148,418.18 1 0
github.com/cyberark/ark-sdk-golang/pkg/auth/identity/ark_identity.go:418.18,420.3 1 0
github.com/cyberark/ark-sdk-golang/pkg/auth/identity/ark_identity.go:421.2,421.17 1 0
github.com/cyberark/ark-sdk-golang/pkg/auth/identity/ark_identity.go:421.17,425.3 1 0
github.com/cyberark/ark-sdk-golang/pkg/auth/identity/ark_identity.go:428.2,430.52 2 0
github.com/cyberark/ark-sdk-golang/pkg/auth/identity/ark_identity.go:430.52,432.3 1 0
github.com/cyberark/ark-sdk-golang/pkg/auth/identity/ark_identity.go:434.2,437.19 3 0
github.com/cyberark/ark-sdk-golang/pkg/auth/identity/ark_identity.go:437.19,439.52 2 0
github.com/cyberark/ark-sdk-golang/pkg/auth/identity/ark_identity.go:439.52,442.4 2 0
github.com/cyberark/ark-sdk-golang/pkg/auth/identity/ark_identity.go:444.3,445.17 2 0
github.com/cyberark/ark-sdk-golang/pkg/auth/identity/ark_identity.go:445.17,447.4 1 0
github.com/cyberark/ark-sdk-golang/pkg/auth/identity/ark_identity.go:448.3,448.29 1 0
github.com/cyberark/ark-sdk-golang/pkg/auth/identity/ark_identity.go:448.29,450.4 1 0
github.com/cyberark/ark-sdk-golang/pkg/auth/identity/ark_identity.go:451.3,451.82 1 0
github.com/cyberark/ark-sdk-golang/pkg/auth/identity/ark_identity.go:451.82,459.18 4 0
github.com/cyberark/ark-sdk-golang/pkg/auth/identity/ark_identity.go:459.18,461.5 1 0
github.com/cyberark/ark-sdk-golang/pkg/auth/identity/ark_identity.go:462.4,463.30 2 0
github.com/cyberark/ark-sdk-golang/pkg/auth/identity/ark_identity.go:463.30,464.49 1 0
github.com/cyberark/ark-sdk-golang/pkg/auth/identity/ark_identity.go:464.49,466.6 1 0
github.com/cyberark/ark-sdk-golang/pkg/auth/identity/ark_identity.go:468.4,468.9 1 0
github.com/cyberark/ark-sdk-golang/pkg/auth/identity/ark_identity.go:470.3,470.29 1 0
github.com/cyberark/ark-sdk-golang/pkg/auth/identity/ark_identity.go:472.2,472.12 1 0
github.com/cyberark/ark-sdk-golang/pkg/auth/identity/ark_identity.go:475.98,477.41 2 0
github.com/cyberark/ark-sdk-golang/pkg/auth/identity/ark_identity.go:477.41,478.50 1 0
github.com/cyberark/ark-sdk-golang/pkg/auth/identity/ark_identity.go:478.50,479.37 1 0
github.com/cyberark/ark-sdk-golang/pkg/auth/identity/ark_identity.go:479.37,481.10 2 0
github.com/cyberark/ark-sdk-golang/pkg/auth/identity/ark_identity.go:485.2,486.40 2 0
github.com/cyberark/ark-sdk-golang/pkg/auth/identity/ark_identity.go:486.40,488.3 1 0
github.com/cyberark/ark-sdk-golang/pkg/auth/identity/ark_identity.go:490.2,494.22 2 0
github.com/cyberark/ark-sdk-golang/pkg/auth/identity/ark_identity.go:494.22,496.34 2 0
github.com/cyberark/ark-sdk-golang/pkg/auth/identity/ark_identity.go:496.34,497.31 1 0
github.com/cyberark/ark-sdk-golang/pkg/auth/identity/ark_identity.go:497.31,499.10 2 0
github.com/cyberark/ark-sdk-golang/pkg/auth/identity/ark_identity.go:504.2,506.16 3 0
github.com/cyberark/ark-sdk-golang/pkg/auth/identity/ark_identity.go:506.16,508.3 1 0
github.com/cyberark/ark-sdk-golang/pkg/auth/identity/ark_identity.go:509.2,509.35 1 0
github.com/cyberark/ark-sdk-golang/pkg/auth/identity/ark_identity.go:509.35,510.30 1 0
github.com/cyberark/ark-sdk-golang/pkg/auth/identity/ark_identity.go:510.30,512.9 2 0
github.com/cyberark/ark-sdk-golang/pkg/auth/identity/ark_identity.go:515.2,516.40 2 0
github.com/cyberark/ark-sdk-golang/pkg/auth/identity/ark_identity.go:516.40,517.44 1 0
github.com/cyberark/ark-sdk-golang/pkg/auth/identity/ark_identity.go:517.44,519.4 1 0
github.com/cyberark/ark-sdk-golang/pkg/auth/identity/ark_identity.go:521.2,521.81 1 0
github.com/cyberark/ark-sdk-golang/pkg/auth/identity/ark_identity.go:524.162,526.6 2 0
github.com/cyberark/ark-sdk-golang/pkg/auth/identity/ark_identity.go:526.6,527.40 1 0
github.com/cyberark/ark-sdk-golang/pkg/auth/identity/ark_identity.go:527.40,530.4 2 0
github.com/cyberark/ark-sdk-golang/pkg/auth/identity/ark_identity.go:531.3,532.53 2 0
github.com/cyberark/ark-sdk-golang/pkg/auth/identity/ark_identity.go:532.53,537.18 3 0
github.com/cyberark/ark-sdk-golang/pkg/auth/identity/ark_identity.go:537.18,540.5 2 0
github.com/cyberark/ark-sdk-golang/pkg/auth/identity/ark_identity.go:541.9,546.18 3 0
github.com/cyberark/ark-sdk-golang/pkg/auth/identity/ark_identity.go:546.18,549.5 2 0
github.com/cyberark/ark-sdk-golang/pkg/auth/identity/ark_identity.go:551.3,551.19 1 0
github.com/cyberark/ark-sdk-golang/pkg/auth/identity/ark_identity.go:551.19,554.4 2 0
github.com/cyberark/ark-sdk-golang/pkg/auth/identity/ark_identity.go:555.3,557.10 3 0
github.com/cyberark/ark-sdk-golang/pkg/auth/identity/ark_identity.go:558.31,559.30 1 0
github.com/cyberark/ark-sdk-golang/pkg/auth/identity/ark_identity.go:559.30,561.13 2 0
github.com/cyberark/ark-sdk-golang/pkg/auth/identity/ark_identity.go:563.4,563.10 1 0
github.com/cyberark/ark-sdk-golang/pkg/auth/identity/ark_identity.go:564.11,565.12 1 0
github.com/cyberark/ark-sdk-golang/pkg/auth/identity/ark_identity.go:570.173,571.34 1 0
github.com/cyberark/ark-sdk-golang/pkg/auth/identity/ark_identity.go:571.34,573.3 1 0
github.com/cyberark/ark-sdk-golang/pkg/auth/identity/ark_identity.go:574.2,576.12 3 0
github.com/cyberark/ark-sdk-golang/pkg/auth/identity/ark_identity.go:579.53,580.34 1 0
github.com/cyberark/ark-sdk-golang/pkg/auth/identity/ark_identity.go:580.34,583.3 2 0
github.com/cyberark/ark-sdk-golang/pkg/auth/identity/ark_identity.go:586.224,587.18 1 0
github.com/cyberark/ark-sdk-golang/pkg/auth/identity/ark_identity.go:587.18,589.3 1 0
github.com/cyberark/ark-sdk-golang/pkg/auth/identity/ark_identity.go:590.2,591.15 2 0
github.com/cyberark/ark-sdk-golang/pkg/auth/identity/ark_identity.go:591.15,591.39 1 0
github.com/cyberark/ark-sdk-golang/pkg/auth/identity/ark_identity.go:593.2,596.19 3 0
github.com/cyberark/ark-sdk-golang/pkg/auth/identity/ark_identity.go:596.19,597.94 1 0
github.com/cyberark/ark-sdk-golang/pkg/auth/identity/ark_identity.go:597.94,599.4 1 0
github.com/cyberark/ark-sdk-golang/pkg/auth/identity/ark_identity.go:602.2,606.19 5 0
github.com/cyberark/ark-sdk-golang/pkg/auth/identity/ark_identity.go:606.19,607.47 1 0
github.com/cyberark/ark-sdk-golang/pkg/auth/identity/ark_identity.go:607.47,609.4 1 0
github.com/cyberark/ark-sdk-golang/pkg/auth/identity/ark_identity.go:611.3,611.10 1 0
github.com/cyberark/ark-sdk-golang/pkg/auth/identity/ark_identity.go:612.31,613.26 1 0
github.com/cyberark/ark-sdk-golang/pkg/auth/identity/ark_identity.go:613.26,615.5 1 0
github.com/cyberark/ark-sdk-golang/pkg/auth/identity/ark_identity.go:616.4,617.18 2 0
github.com/cyberark/ark-sdk-golang/pkg/auth/identity/ark_identity.go:617.18,619.5 1 0
github.com/cyberark/ark-sdk-golang/pkg/auth/identity/ark_identity.go:620.4,620.64 1 0
github.com/cyberark/ark-sdk-golang/pkg/auth/identity/ark_identity.go:620.64,623.10 3 0
github.com/cyberark/ark-sdk-golang/pkg/auth/identity/ark_identity.go:624.10,624.80 1 0
github.com/cyberark/ark-sdk-golang/pkg/auth/identity/ark_identity.go:624.80,625.25 1 0
github.com/cyberark/ark-sdk-golang/pkg/auth/identity/ark_identity.go:625.25,628.23 3 0
github.com/cyberark/ark-sdk-golang/pkg/auth/identity/ark_identity.go:628.23,630.7 1 0
github.com/cyberark/ark-sdk-golang/pkg/auth/identity/ark_identity.go:631.6,631.59 1 0
github.com/cyberark/ark-sdk-golang/pkg/auth/identity/ark_identity.go:633.5,633.47 1 0
github.com/cyberark/ark-sdk-golang/pkg/auth/identity/ark_identity.go:633.47,636.23 3 0
github.com/cyberark/ark-sdk-golang/pkg/auth/identity/ark_identity.go:636.23,638.7 1 0
github.com/cyberark/ark-sdk-golang/pkg/auth/identity/ark_identity.go:639.6,639.16 1 0
github.com/cyberark/ark-sdk-golang/pkg/auth/identity/ark_identity.go:641.10,643.5 1 0
github.com/cyberark/ark-sdk-golang/pkg/auth/identity/ark_identity.go:644.37,646.18 2 0
github.com/cyberark/ark-sdk-golang/pkg/auth/identity/ark_identity.go:646.18,648.5 1 0
github.com/cyberark/ark-sdk-golang/pkg/auth/identity/ark_identity.go:650.3,650.25 1 0
github.com/cyberark/ark-sdk-golang/pkg/auth/identity/ark_identity.go:650.25,651.64 1 0
github.com/cyberark/ark-sdk-golang/pkg/auth/identity/ark_identity.go:651.64,653.22 2 0
github.com/cyberark/ark-sdk-golang/pkg/auth/identity/ark_identity.go:653.22,655.6 1 0
github.com/cyberark/ark-sdk-golang/pkg/auth/identity/ark_identity.go:656.5,659.19 4 0
github.com/cyberark/ark-sdk-golang/pkg/auth/identity/ark_identity.go:659.19,661.6 1 0
github.com/cyberark/ark-sdk-golang/pkg/auth/identity/ark_identity.go:662.5,663.31 2 0
github.com/cyberark/ark-sdk-golang/pkg/auth/identity/ark_identity.go:663.31,664.50 1 0
github.com/cyberark/ark-sdk-golang/pkg/auth/identity/ark_identity.go:664.50,666.7 1 0
github.com/cyberark/ark-sdk-golang/pkg/auth/identity/ark_identity.go:668.5,668.15 1 0
github.com/cyberark/ark-sdk-golang/pkg/auth/identity/ark_identity.go:669.10,669.80 1 0
github.com/cyberark/ark-sdk-golang/pkg/auth/identity/ark_identity.go:669.80,670.47 1 0
github.com/cyberark/ark-sdk-golang/pkg/auth/identity/ark_identity.go:670.47,672.23 2 0
github.com/cyberark/ark-sdk-golang/pkg/auth/identity/ark_identity.go:672.23,674.7 1 0
github.com/cyberark/ark-sdk-golang/pkg/auth/identity/ark_identity.go:675.6,675.16 1 0
github.com/cyberark/ark-sdk-golang/pkg/auth/identity/ark_identity.go:680.2,680.12 1 0
github.com/cyberark/ark-sdk-golang/pkg/auth/identity/ark_identity.go:686.48,688.23 2 0
github.com/cyberark/ark-sdk-golang/pkg/auth/identity/ark_identity.go:688.23,689.19 1 0
github.com/cyberark/ark-sdk-golang/pkg/auth/identity/ark_identity.go:689.19,691.4 1 0
github.com/cyberark/ark-sdk-golang/pkg/auth/identity/ark_identity.go:692.3,697.17 4 0
github.com/cyberark/ark-sdk-golang/pkg/auth/identity/ark_identity.go:697.17,699.4 1 0
github.com/cyberark/ark-sdk-golang/pkg/auth/identity/ark_identity.go:700.3,700.19 1 0
github.com/cyberark/ark-sdk-golang/pkg/auth/identity/ark_identity.go:700.19,702.4 1 0
github.com/cyberark/ark-sdk-golang/pkg/auth/identity/ark_identity.go:703.3,703.23 1 0
github.com/cyberark/ark-sdk-golang/pkg/auth/identity/ark_identity.go:705.2,706.16 2 0
github.com/cyberark/ark-sdk-golang/pkg/auth/identity/ark_identity.go:706.16,708.3 1 0
github.com/cyberark/ark-sdk-golang/pkg/auth/identity/ark_identity.go:709.2,709.111 1 0
github.com/cyberark/ark-sdk-golang/pkg/auth/identity/ark_identity.go:709.111,713.17 4 0
github.com/cyberark/ark-sdk-golang/pkg/auth/identity/ark_identity.go:713.17,715.4 1 0
github.com/cyberark/ark-sdk-golang/pkg/auth/identity/ark_identity.go:716.3,717.29 2 0
github.com/cyberark/ark-sdk-golang/pkg/auth/identity/ark_identity.go:717.29,718.48 1 0
github.com/cyberark/ark-sdk-golang/pkg/auth/identity/ark_identity.go:718.48,720.5 1 0
github.com/cyberark/ark-sdk-golang/pkg/auth/identity/ark_identity.go:722.3,722.42 1 0
github.com/cyberark/ark-sdk-golang/pkg/auth/identity/ark_identity.go:724.2,724.71 1 0
github.com/cyberark/ark-sdk-golang/pkg/auth/identity/ark_identity.go:724.71,725.23 1 0
github.com/cyberark/ark-sdk-golang/pkg/auth/identity/ark_identity.go:725.23,727.4 1 0
github.com/cyberark/ark-sdk-golang/pkg/auth/identity/ark_identity.go:729.2,729.45 1 0
github.com/cyberark/ark-sdk-golang/pkg/auth/identity/ark_identity.go:733.66,734.30 1 0
github.com/cyberark/ark-sdk-golang/pkg/auth/identity/ark_identity.go:734.30,736.3 1 0
github.com/cyberark/ark-sdk-golang/pkg/auth/identity/ark_identity.go:739.2,745.16 3 0
github.com/cyberark/ark-sdk-golang/pkg/auth/identity/ark_identity.go:745.16,747.3 1 0
github.com/cyberark/ark-sdk-golang/pkg/auth/identity/ark_identity.go:748.2,748.33 1 0
github.com/cyberark/ark-sdk-golang/pkg/auth/identity/ark_identity.go:748.33,750.17 2 0
github.com/cyberark/ark-sdk-golang/pkg/auth/identity/ark_identity.go:750.17,752.4 1 0
github.com/cyberark/ark-sdk-golang/pkg/auth/identity/ark_identity.go:756.2,760.71 3 0
github.com/cyberark/ark-sdk-golang/pkg/auth/identity/ark_identity.go:760.71,762.3 1 0
github.com/cyberark/ark-sdk-golang/pkg/auth/identity/ark_identity.go:764.2,764.20 1 0
github.com/cyberark/ark-sdk-golang/pkg/auth/identity/ark_identity.go:770.101,773.63 3 0
github.com/cyberark/ark-sdk-golang/pkg/auth/identity/ark_identity.go:773.63,774.49 1 0
github.com/cyberark/ark-sdk-golang/pkg/auth/identity/ark_identity.go:774.49,777.4 2 0
github.com/cyberark/ark-sdk-golang/pkg/auth/identity/ark_identity.go:780.2,785.72 6 0
github.com/cyberark/ark-sdk-golang/pkg/auth/identity/ark_identity.go:785.72,786.95 1 0
github.com/cyberark/ark-sdk-golang/pkg/auth/identity/ark_identity.go:786.95,789.4 2 0
github.com/cyberark/ark-sdk-golang/pkg/auth/identity/ark_identity.go:790.3,790.43 1 0
github.com/cyberark/ark-sdk-golang/pkg/auth/identity/ark_identity.go:793.2,793.30 1 0
github.com/cyberark/ark-sdk-golang/pkg/auth/identity/ark_identity.go:793.30,795.17 2 0
github.com/cyberark/ark-sdk-golang/pkg/auth/identity/ark_identity.go:795.17,797.4 1 0
github.com/cyberark/ark-sdk-golang/pkg/auth/identity/ark_identity.go:800.2,800.51 1 0
github.com/cyberark/ark-sdk-golang/pkg/auth/identity/ark_identity.go:800.51,802.3 1 0
github.com/cyberark/ark-sdk-golang/pkg/auth/identity/ark_identity.go:804.2,806.97 3 0
github.com/cyberark/ark-sdk-golang/pkg/auth/identity/ark_identity.go:806.97,808.17 2 0
github.com/cyberark/ark-sdk-golang/pkg/auth/identity/ark_identity.go:808.17,810.4 1 0
github.com/cyberark/ark-sdk-golang/pkg/auth/identity/ark_identity.go:811.3,811.46 1 0
github.com/cyberark/ark-sdk-golang/pkg/auth/identity/ark_identity.go:811.46,813.18 2 0
github.com/cyberark/ark-sdk-golang/pkg/auth/identity/ark_identity.go:813.18,815.5 1 0
github.com/cyberark/ark-sdk-golang/pkg/auth/identity/ark_identity.go:816.4,816.24 1 0
github.com/cyberark/ark-sdk-golang/pkg/auth/identity/ark_identity.go:816.24,818.5 1 0
github.com/cyberark/ark-sdk-golang/pkg/auth/identity/ark_identity.go:819.9,822.18 3 0
github.com/cyberark/ark-sdk-golang/pkg/auth/identity/ark_identity.go:822.18,824.5 1 0
github.com/cyberark/ark-sdk-golang/pkg/auth/identity/ark_identity.go:825.4,826.18 2 0
github.com/cyberark/ark-sdk-golang/pkg/auth/identity/ark_identity.go:826.18,828.5 1 0
github.com/cyberark/ark-sdk-golang/pkg/auth/identity/ark_identity.go:829.4,829.32 1 0
github.com/cyberark/ark-sdk-golang/pkg/auth/identity/ark_identity.go:829.32,831.5 1 0
github.com/cyberark/ark-sdk-golang/pkg/auth/identity/ark_identity.go:833.8,835.46 2 0
github.com/cyberark/ark-sdk-golang/pkg/auth/identity/ark_identity.go:835.46,837.18 2 0
github.com/cyberark/ark-sdk-golang/pkg/auth/identity/ark_identity.go:837.18,839.5 1 0
github.com/cyberark/ark-sdk-golang/pkg/auth/identity/ark_identity.go:840.4,840.24 1 0
github.com/cyberark/ark-sdk-golang/pkg/auth/identity/ark_identity.go:840.24,842.5 1 0
github.com/cyberark/ark-sdk-golang/pkg/auth/identity/ark_identity.go:845.2,845.17 1 0
github.com/cyberark/ark-sdk-golang/pkg/auth/identity/ark_identity.go:845.17,846.103 1 0
github.com/cyberark/ark-sdk-golang/pkg/auth/identity/ark_identity.go:846.103,848.4 1 0
github.com/cyberark/ark-sdk-golang/pkg/auth/identity/ark_identity.go:851.2,851.50 1 0
github.com/cyberark/ark-sdk-golang/pkg/auth/identity/ark_identity.go:851.50,852.97 1 0
github.com/cyberark/ark-sdk-golang/pkg/auth/identity/ark_identity.go:852.97,853.53 1 0
github.com/cyberark/ark-sdk-golang/pkg/auth/identity/ark_identity.go:853.53,855.19 2 0
github.com/cyberark/ark-sdk-golang/pkg/auth/identity/ark_identity.go:855.19,857.6 1 0
github.com/cyberark/ark-sdk-golang/pkg/auth/identity/ark_identity.go:858.5,858.137 1 0
github.com/cyberark/ark-sdk-golang/pkg/auth/identity/ark_identity.go:863.2,863.18 1 0
github.com/cyberark/ark-sdk-golang/pkg/auth/identity/ark_identity.go:863.18,865.3 1 0
github.com/cyberark/ark-sdk-golang/pkg/auth/identity/ark_identity.go:867.2,867.86 1 0
github.com/cyberark/ark-sdk-golang/pkg/auth/identity/ark_identity.go:867.86,869.17 2 0
github.com/cyberark/ark-sdk-golang/pkg/auth/identity/ark_identity.go:869.17,871.4 1 0
github.com/cyberark/ark-sdk-golang/pkg/auth/identity/ark_identity.go:872.3,873.17 2 0
github.com/cyberark/ark-sdk-golang/pkg/auth/identity/ark_identity.go:873.17,875.4 1 0
github.com/cyberark/ark-sdk-golang/pkg/auth/identity/ark_identity.go:876.3,876.150 1 0
github.com/cyberark/ark-sdk-golang/pkg/auth/identity/ark_identity.go:876.150,878.4 1 0
github.com/cyberark/ark-sdk-golang/pkg/auth/identity/ark_identity.go:880.2,880.12 1 0
github.com/cyberark/ark-sdk-golang/pkg/auth/identity/ark_identity.go:884.108,885.63 1 0
github.com/cyberark/ark-sdk-golang/pkg/auth/identity/ark_identity.go:885.63,888.3 1 0
github.com/cyberark/ark-sdk-golang/pkg/auth/identity/ark_identity.go:890.2,892.23 3 0
github.com/cyberark/ark-sdk-golang/pkg/auth/identity/ark_identity.go:892.23,894.3 1 0
github.com/cyberark/ark-sdk-golang/pkg/auth/identity/ark_identity.go:895.2,900.16 4 0
github.com/cyberark/ark-sdk-golang/pkg/auth/identity/ark_identity.go:900.16,902.3 1 0
github.com/cyberark/ark-sdk-golang/pkg/auth/identity/ark_identity.go:903.2,912.16 6 0
github.com/cyberark/ark-sdk-golang/pkg/auth/identity/ark_identity.go:912.16,914.3 1 0
github.com/cyberark/ark-sdk-golang/pkg/auth/identity/ark_identity.go:915.2,915.33 1 0
github.com/cyberark/ark-sdk-golang/pkg/auth/identity/ark_identity.go:915.33,917.17 2 0
github.com/cyberark/ark-sdk-golang/pkg/auth/identity/ark_identity.go:917.17,919.4 1 0
github.com/cyberark/ark-sdk-golang/pkg/auth/identity/ark_identity.go:922.2,922.42 1 0
github.com/cyberark/ark-sdk-golang/pkg/auth/identity/ark_identity.go:922.42,924.3 1 0
github.com/cyberark/ark-sdk-golang/pkg/auth/identity/ark_identity.go:926.2,927.44 2 0
github.com/cyberark/ark-sdk-golang/pkg/auth/identity/ark_identity.go:927.44,928.65 1 0
github.com/cyberark/ark-sdk-golang/pkg/auth/identity/ark_identity.go:928.65,930.4 1 0
github.com/cyberark/ark-sdk-golang/pkg/auth/identity/ark_identity.go:931.3,931.70 1 0
github.com/cyberark/ark-sdk-golang/pkg/auth/identity/ark_identity.go:931.70,933.4 1 0
github.com/cyberark/ark-sdk-golang/pkg/auth/identity/ark_identity.go:936.2,936.45 1 0
github.com/cyberark/ark-sdk-golang/pkg/auth/identity/ark_identity.go:936.45,938.3 1 0
github.com/cyberark/ark-sdk-golang/pkg/auth/identity/ark_identity.go:940.2,940.25 1 0
github.com/cyberark/ark-sdk-golang/pkg/auth/identity/ark_identity.go:940.25,942.3 1 0
github.com/cyberark/ark-sdk-golang/pkg/auth/identity/ark_identity.go:943.2,950.16 5 0
github.com/cyberark/ark-sdk-golang/pkg/auth/identity/ark_identity.go:950.16,952.3 1 0
github.com/cyberark/ark-sdk-golang/pkg/auth/identity/ark_identity.go:953.2,959.16 6 0
github.com/cyberark/ark-sdk-golang/pkg/auth/identity/ark_identity.go:959.16,961.3 1 0
github.com/cyberark/ark-sdk-golang/pkg/auth/identity/ark_identity.go:962.2,964.28 2 0
github.com/cyberark/ark-sdk-golang/pkg/auth/identity/ark_identity.go:964.28,965.47 1 0
github.com/cyberark/ark-sdk-golang/pkg/auth/identity/ark_identity.go:965.47,967.4 1 0
github.com/cyberark/ark-sdk-golang/pkg/auth/identity/ark_identity.go:970.2,970.12 1 0
github.com/cyberark/ark-sdk-golang/pkg/auth/identity/ark_identity.go:974.52,976.2 1 0
github.com/cyberark/ark-sdk-golang/pkg/auth/identity/ark_identity.go:979.46,980.30 1 0
github.com/cyberark/ark-sdk-golang/pkg/auth/identity/ark_identity.go:980.30,981.36 1 0
github.com/cyberark/ark-sdk-golang/pkg/auth/identity/ark_identity.go:981.36,983.4 1 0
github.com/cyberark/ark-sdk-golang/pkg/auth/identity/ark_identity.go:984.3,984.35 1 0
github.com/cyberark/ark-sdk-golang/pkg/auth/identity/ark_identity.go:984.35,986.4 1 0
github.com/cyberark/ark-sdk-golang/pkg/auth/identity/ark_identity.go:988.2,988.11 1 0
github.com/cyberark/ark-sdk-golang/pkg/auth/identity/ark_identity.go:992.69,994.2 1 0
github.com/cyberark/ark-sdk-golang/pkg/auth/identity/ark_identity.go:997.45,999.2 1 0
github.com/cyberark/ark-sdk-golang/pkg/auth/identity/ark_identity_fqdn_resolver.go:23.41,30.2 1 0
github.com/cyberark/ark-sdk-golang/pkg/auth/identity/ark_identity_fqdn_resolver.go:33.47,38.2 1 0
github.com/cyberark/ark-sdk-golang/pkg/auth/identity/ark_identity_fqdn_resolver.go:42.108,50.16 6 0
github.com/cyberark/ark-sdk-golang/pkg/auth/identity/ark_identity_fqdn_resolver.go:50.16,52.3 1 0
github.com/cyberark/ark-sdk-golang/pkg/auth/identity/ark_identity_fqdn_resolver.go:53.2,53.33 1 0
github.com/cyberark/ark-sdk-golang/pkg/auth/identity/ark_identity_fqdn_resolver.go:53.33,55.17 2 0
github.com/cyberark/ark-sdk-golang/pkg/auth/identity/ark_identity_fqdn_resolver.go:55.17,57.4 1 0
github.com/cyberark/ark-sdk-golang/pkg/auth/identity/ark_identity_fqdn_resolver.go:59.2,59.42 1 0
github.com/cyberark/ark-sdk-golang/pkg/auth/identity/ark_identity_fqdn_resolver.go:59.42,61.80 2 0
github.com/cyberark/ark-sdk-golang/pkg/auth/identity/ark_identity_fqdn_resolver.go:61.80,63.4 1 0
github.com/cyberark/ark-sdk-golang/pkg/auth/identity/ark_identity_fqdn_resolver.go:64.3,64.38 1 0
github.com/cyberark/ark-sdk-golang/pkg/auth/identity/ark_identity_fqdn_resolver.go:66.2,66.127 1 0
github.com/cyberark/ark-sdk-golang/pkg/auth/identity/ark_identity_fqdn_resolver.go:70.100,71.26 1 0
github.com/cyberark/ark-sdk-golang/pkg/auth/identity/ark_identity_fqdn_resolver.go:71.26,73.3 1 0
github.com/cyberark/ark-sdk-golang/pkg/auth/identity/ark_identity_fqdn_resolver.go:74.2,86.16 5 0
github.com/cyberark/ark-sdk-golang/pkg/auth/identity/ark_identity_fqdn_resolver.go:86.16,88.3 1 0
github.com/cyberark/ark-sdk-golang/pkg/auth/identity/ark_identity_fqdn_resolver.go:89.2,89.42 1 0
github.com/cyberark/ark-sdk-golang/pkg/auth/identity/ark_identity_fqdn_resolver.go:89.42,91.80 2 0
github.com/cyberark/ark-sdk-golang/pkg/auth/identity/ark_identity_fqdn_resolver.go:91.80,93.4 1 0
github.com/cyberark/ark-sdk-golang/pkg/auth/identity/ark_identity_fqdn_resolver.go:94.3,94.69 1 0
github.com/cyberark/ark-sdk-golang/pkg/auth/identity/ark_identity_fqdn_resolver.go:94.69,96.4 1 0
github.com/cyberark/ark-sdk-golang/pkg/auth/identity/ark_identity_fqdn_resolver.go:97.3,98.43 2 0
github.com/cyberark/ark-sdk-golang/pkg/auth/identity/ark_identity_fqdn_resolver.go:98.43,100.4 1 0
github.com/cyberark/ark-sdk-golang/pkg/auth/identity/ark_identity_fqdn_resolver.go:101.3,101.19 1 0
github.com/cyberark/ark-sdk-golang/pkg/auth/identity/ark_identity_fqdn_resolver.go:103.2,103.117 1 0
github.com/cyberark/ark-sdk-golang/pkg/auth/identity/ark_identity_service_user.go:35.265,45.23 3 0
github.com/cyberark/ark-sdk-golang/pkg/auth/identity/ark_identity_service_user.go:45.23,46.36 1 0
github.com/cyberark/ark-sdk-golang/pkg/auth/identity/ark_identity_service_user.go:46.36,48.4 1 0
github.com/cyberark/ark-sdk-golang/pkg/auth/identity/ark_identity_service_user.go:48.9,51.4 2 0
github.com/cyberark/ark-sdk-golang/pkg/auth/identity/ark_identity_service_user.go:53.2,53.16 1 0
github.com/cyberark/ark-sdk-golang/pkg/auth/identity/ark_identity_service_user.go:53.16,55.3 1 0
github.com/cyberark/ark-sdk-golang/pkg/auth/identity/ark_identity_service_user.go:56.2,58.25 2 0
github.com/cyberark/ark-sdk-golang/pkg/auth/identity/ark_identity_service_user.go:58.25,60.3 1 0
github.com/cyberark/ark-sdk-golang/pkg/auth/identity/ark_identity_service_user.go:61.2,61.61 1 0
github.com/cyberark/ark-sdk-golang/pkg/auth/identity/ark_identity_service_user.go:61.61,63.3 1 0
github.com/cyberark/ark-sdk-golang/pkg/auth/identity/ark_identity_service_user.go:64.2,64.33 1 0
github.com/cyberark/ark-sdk-golang/pkg/auth/identity/ark_identity_service_user.go:67.78,68.41 1 0
github.com/cyberark/ark-sdk-golang/pkg/auth/identity/ark_identity_service_user.go:68.41,70.17 2 0
github.com/cyberark/ark-sdk-golang/pkg/auth/identity/ark_identity_service_user.go:70.17,73.4 2 0
github.com/cyberark/ark-sdk-golang/pkg/auth/identity/ark_identity_service_user.go:74.3,74.52 1 0
github.com/cyberark/ark-sdk-golang/pkg/auth/identity/ark_identity_service_user.go:74.52,79.4 4 0
github.com/cyberark/ark-sdk-golang/pkg/auth/identity/ark_identity_service_user.go:81.2,81.14 1 0
github.com/cyberark/ark-sdk-golang/pkg/auth/identity/ark_identity_service_user.go:84.79,85.66 1 0
github.com/cyberark/ark-sdk-golang/pkg/auth/identity/ark_identity_service_user.go:85.66,95.17 3 0
github.com/cyberark/ark-sdk-golang/pkg/auth/identity/ark_identity_service_user.go:95.17,97.4 1 0
github.com/cyberark/ark-sdk-golang/pkg/auth/identity/ark_identity_service_user.go:99.2,99.12 1 0
github.com/cyberark/ark-sdk-golang/pkg/auth/identity/ark_identity_service_user.go:104.94,106.63 2 0
github.com/cyberark/ark-sdk-golang/pkg/auth/identity/ark_identity_service_user.go:106.63,107.49 1 0
github.com/cyberark/ark-sdk-golang/pkg/auth/identity/ark_identity_service_user.go:107.49,110.4 2 0
github.com/cyberark/ark-sdk-golang/pkg/auth/identity/ark_identity_service_user.go:112.2,124.16 3 0
github.com/cyberark/ark-sdk-golang/pkg/auth/identity/ark_identity_service_user.go:124.16,126.3 1 0
github.com/cyberark/ark-sdk-golang/pkg/auth/identity/ark_identity_service_user.go:127.2,127.33 1 0
github.com/cyberark/ark-sdk-golang/pkg/auth/identity/ark_identity_service_user.go:127.33,129.17 2 0
github.com/cyberark/ark-sdk-golang/pkg/auth/identity/ark_identity_service_user.go:129.17,131.4 1 0
github.com/cyberark/ark-sdk-golang/pkg/auth/identity/ark_identity_service_user.go:134.2,134.42 1 0
github.com/cyberark/ark-sdk-golang/pkg/auth/identity/ark_identity_service_user.go:134.42,136.3 1 0
github.com/cyberark/ark-sdk-golang/pkg/auth/identity/ark_identity_service_user.go:138.2,139.75 2 0
github.com/cyberark/ark-sdk-golang/pkg/auth/identity/ark_identity_service_user.go:139.75,141.3 1 0
github.com/cyberark/ark-sdk-golang/pkg/auth/identity/ark_identity_service_user.go:143.2,144.9 2 0
github.com/cyberark/ark-sdk-golang/pkg/auth/identity/ark_identity_service_user.go:144.9,146.3 1 0
github.com/cyberark/ark-sdk-golang/pkg/auth/identity/ark_identity_service_user.go:147.2,158.16 3 0
github.com/cyberark/ark-sdk-golang/pkg/auth/identity/ark_identity_service_user.go:158.16,160.3 1 0
github.com/cyberark/ark-sdk-golang/pkg/auth/identity/ark_identity_service_user.go:161.2,161.33 1 0
github.com/cyberark/ark-sdk-golang/pkg/auth/identity/ark_identity_service_user.go:161.33,163.17 2 0
github.com/cyberark/ark-sdk-golang/pkg/auth/identity/ark_identity_service_user.go:163.17,165.4 1 0
github.com/cyberark/ark-sdk-golang/pkg/auth/identity/ark_identity_service_user.go:168.2,168.86 1 0
github.com/cyberark/ark-sdk-golang/pkg/auth/identity/ark_identity_service_user.go:168.86,170.3 1 0
github.com/cyberark/ark-sdk-golang/pkg/auth/identity/ark_identity_service_user.go:172.2,174.38 3 0
github.com/cyberark/ark-sdk-golang/pkg/auth/identity/ark_identity_service_user.go:174.38,176.3 1 0
github.com/cyberark/ark-sdk-golang/pkg/auth/identity/ark_identity_service_user.go:178.2,179.16 2 0
github.com/cyberark/ark-sdk-golang/pkg/auth/identity/ark_identity_service_user.go:179.16,181.3 1 0
github.com/cyberark/ark-sdk-golang/pkg/auth/identity/ark_identity_service_user.go:183.2,184.31 2 0
github.com/cyberark/ark-sdk-golang/pkg/auth/identity/ark_identity_service_user.go:184.31,186.3 1 0
github.com/cyberark/ark-sdk-golang/pkg/auth/identity/ark_identity_service_user.go:188.2,193.28 5 0
github.com/cyberark/ark-sdk-golang/pkg/auth/identity/ark_identity_service_user.go:193.28,194.47 1 0
github.com/cyberark/ark-sdk-golang/pkg/auth/identity/ark_identity_service_user.go:194.47,196.4 1 0
github.com/cyberark/ark-sdk-golang/pkg/auth/identity/ark_identity_service_user.go:199.2,199.12 1 0
github.com/cyberark/ark-sdk-golang/pkg/auth/identity/ark_identity_service_user.go:203.63,205.2 1 0
github.com/cyberark/ark-sdk-golang/pkg/auth/identity/ark_identity_service_user.go:208.57,210.2 1 0
github.com/cyberark/ark-sdk-golang/pkg/auth/identity/ark_identity_service_user.go:213.56,215.2 1 0
github.com/cyberark/ark-sdk-golang/pkg/common/args/ark_args_formatter.go:35.56,36.26 1 0
github.com/cyberark/ark-sdk-golang/pkg/common/args/ark_args_formatter.go:36.26,38.3 1 0
github.com/cyberark/ark-sdk-golang/pkg/common/args/ark_args_formatter.go:39.2,39.34 1 0
github.com/cyberark/ark-sdk-golang/pkg/common/args/ark_args_formatter.go:59.49,60.57 1 0
github.com/cyberark/ark-sdk-golang/pkg/common/args/ark_args_formatter.go:60.57,61.26 1 0
github.com/cyberark/ark-sdk-golang/pkg/common/args/ark_args_formatter.go:61.26,63.4 1 0
github.com/cyberark/ark-sdk-golang/pkg/common/args/ark_args_formatter.go:63.9,65.4 1 0
github.com/cyberark/ark-sdk-golang/pkg/common/args/ark_args_formatter.go:80.29,82.2 1 0
github.com/cyberark/ark-sdk-golang/pkg/common/args/ark_args_formatter.go:95.35,97.2 1 0
github.com/cyberark/ark-sdk-golang/pkg/common/args/ark_args_formatter.go:110.29,112.2 1 0
github.com/cyberark/ark-sdk-golang/pkg/common/args/ark_args_formatter.go:125.29,127.2 1 0
github.com/cyberark/ark-sdk-golang/pkg/common/args/ark_args_formatter.go:141.28,143.2 1 0
github.com/cyberark/ark-sdk-golang/pkg/common/args/ark_args_formatter.go:156.34,158.2 1 0
github.com/cyberark/ark-sdk-golang/pkg/common/args/ark_args_formatter.go:190.161,192.43 2 0
github.com/cyberark/ark-sdk-golang/pkg/common/args/ark_args_formatter.go:192.43,193.20 1 0
github.com/cyberark/ark-sdk-golang/pkg/common/args/ark_args_formatter.go:193.20,195.4 1 0
github.com/cyberark/ark-sdk-golang/pkg/common/args/ark_args_formatter.go:197.2,197.48 1 0
github.com/cyberark/ark-sdk-golang/pkg/common/args/ark_args_formatter.go:197.48,199.3 1 0
github.com/cyberark/ark-sdk-golang/pkg/common/args/ark_args_formatter.go:200.2,201.12 2 0
github.com/cyberark/ark-sdk-golang/pkg/common/args/ark_args_formatter.go:201.12,206.17 3 0
github.com/cyberark/ark-sdk-golang/pkg/common/args/ark_args_formatter.go:206.17,208.4 1 0
github.com/cyberark/ark-sdk-golang/pkg/common/args/ark_args_formatter.go:209.8,215.17 3 0
github.com/cyberark/ark-sdk-golang/pkg/common/args/ark_args_formatter.go:215.17,217.4 1 0
github.com/cyberark/ark-sdk-golang/pkg/common/args/ark_args_formatter.go:219.2,219.18 1 0
github.com/cyberark/ark-sdk-golang/pkg/common/args/ark_args_formatter.go:219.18,221.3 1 0
github.com/cyberark/ark-sdk-golang/pkg/common/args/ark_args_formatter.go:222.2,222.37 1 0
github.com/cyberark/ark-sdk-golang/pkg/common/args/ark_args_formatter.go:222.37,225.3 2 0
github.com/cyberark/ark-sdk-golang/pkg/common/args/ark_args_formatter.go:226.2,226.17 1 0
github.com/cyberark/ark-sdk-golang/pkg/common/args/ark_args_formatter.go:254.118,256.57 2 0
github.com/cyberark/ark-sdk-golang/pkg/common/args/ark_args_formatter.go:256.57,258.3 1 0
github.com/cyberark/ark-sdk-golang/pkg/common/args/ark_args_formatter.go:259.2,259.49 1 0
github.com/cyberark/ark-sdk-golang/pkg/common/args/ark_args_formatter.go:259.49,261.3 1 0
github.com/cyberark/ark-sdk-golang/pkg/common/args/ark_args_formatter.go:262.2,264.9 3 0
github.com/cyberark/ark-sdk-golang/pkg/common/args/ark_args_formatter.go:264.9,266.3 1 0
github.com/cyberark/ark-sdk-golang/pkg/common/args/ark_args_formatter.go:268.2,276.16 4 0
github.com/cyberark/ark-sdk-golang/pkg/common/args/ark_args_formatter.go:276.16,278.3 1 0
github.com/cyberark/ark-sdk-golang/pkg/common/args/ark_args_formatter.go:280.2,281.17 2 0
github.com/cyberark/ark-sdk-golang/pkg/common/args/ark_args_formatter.go:312.146,314.43 2 0
github.com/cyberark/ark-sdk-golang/pkg/common/args/ark_args_formatter.go:314.43,315.20 1 0
github.com/cyberark/ark-sdk-golang/pkg/common/args/ark_args_formatter.go:315.20,317.4 1 0
github.com/cyberark/ark-sdk-golang/pkg/common/args/ark_args_formatter.go:319.2,319.48 1 0
github.com/cyberark/ark-sdk-golang/pkg/common/args/ark_args_formatter.go:319.48,321.3 1 0
github.com/cyberark/ark-sdk-golang/pkg/common/args/ark_args_formatter.go:322.2,330.16 4 0
github.com/cyberark/ark-sdk-golang/pkg/common/args/ark_args_formatter.go:330.16,332.3 1 0
github.com/cyberark/ark-sdk-golang/pkg/common/args/ark_args_formatter.go:334.2,334.20 1 0
github.com/cyberark/ark-sdk-golang/pkg/common/args/ark_args_formatter.go:365.173,367.27 2 0
github.com/cyberark/ark-sdk-golang/pkg/common/args/ark_args_formatter.go:367.27,368.44 1 0
github.com/cyberark/ark-sdk-golang/pkg/common/args/ark_args_formatter.go:368.44,369.21 1 0
github.com/cyberark/ark-sdk-golang/pkg/common/args/ark_args_formatter.go:369.21,371.5 1 0
github.com/cyberark/ark-sdk-golang/pkg/common/args/ark_args_formatter.go:373.3,373.28 1 0
github.com/cyberark/ark-sdk-golang/pkg/common/args/ark_args_formatter.go:373.28,374.38 1 0
github.com/cyberark/ark-sdk-golang/pkg/common/args/ark_args_formatter.go:374.38,376.5 1 0
github.com/cyberark/ark-sdk-golang/pkg/common/args/ark_args_formatter.go:380.2,388.16 4 0
github.com/cyberark/ark-sdk-golang/pkg/common/args/ark_args_formatter.go:388.16,390.3 1 0
github.com/cyberark/ark-sdk-golang/pkg/common/args/ark_args_formatter.go:392.2,392.26 1 0
github.com/cyberark/ark-sdk-golang/pkg/cli/ark_cli_api.go:15.98,17.16 2 0
github.com/cyberark/ark-sdk-golang/pkg/cli/ark_cli_api.go:17.16,19.3 1 0
github.com/cyberark/ark-sdk-golang/pkg/cli/ark_cli_api.go:20.2,22.8 1 0
github.com/cyberark/ark-sdk-golang/pkg/auth/ark_auth.go:59.96,62.25 3 0
github.com/cyberark/ark-sdk-golang/pkg/auth/ark_auth.go:62.25,64.3 1 0
github.com/cyberark/ark-sdk-golang/pkg/auth/ark_auth.go:65.2,70.3 1 0
github.com/cyberark/ark-sdk-golang/pkg/auth/ark_auth.go:74.84,76.84 2 0
github.com/cyberark/ark-sdk-golang/pkg/auth/ark_auth.go:76.84,78.42 2 0
github.com/cyberark/ark-sdk-golang/pkg/auth/ark_auth.go:78.42,81.4 2 0
github.com/cyberark/ark-sdk-golang/pkg/auth/ark_auth.go:83.2,83.16 1 0
github.com/cyberark/ark-sdk-golang/pkg/auth/ark_auth.go:87.176,88.42 1 0
github.com/cyberark/ark-sdk-golang/pkg/auth/ark_auth.go:88.42,90.3 1 0
github.com/cyberark/ark-sdk-golang/pkg/auth/ark_auth.go:91.2,91.42 1 0
github.com/cyberark/ark-sdk-golang/pkg/auth/ark_auth.go:91.42,92.78 1 0
github.com/cyberark/ark-sdk-golang/pkg/auth/ark_auth.go:92.78,94.4 1 0
github.com/cyberark/ark-sdk-golang/pkg/auth/ark_auth.go:94.9,96.4 1 0
github.com/cyberark/ark-sdk-golang/pkg/auth/ark_auth.go:98.2,98.20 1 0
github.com/cyberark/ark-sdk-golang/pkg/auth/ark_auth.go:98.20,101.3 2 0
github.com/cyberark/ark-sdk-golang/pkg/auth/ark_auth.go:102.2,102.128 1 0
github.com/cyberark/ark-sdk-golang/pkg/auth/ark_auth.go:102.128,104.3 1 0
github.com/cyberark/ark-sdk-golang/pkg/auth/ark_auth.go:105.2,105.44 1 0
github.com/cyberark/ark-sdk-golang/pkg/auth/ark_auth.go:105.44,107.3 1 0
github.com/cyberark/ark-sdk-golang/pkg/auth/ark_auth.go:108.2,108.114 1 0
github.com/cyberark/ark-sdk-golang/pkg/auth/ark_auth.go:108.114,110.3 1 0
github.com/cyberark/ark-sdk-golang/pkg/auth/ark_auth.go:111.2,114.62 4 0
github.com/cyberark/ark-sdk-golang/pkg/auth/ark_auth.go:114.62,116.17 2 0
github.com/cyberark/ark-sdk-golang/pkg/auth/ark_auth.go:116.17,118.4 1 0
github.com/cyberark/ark-sdk-golang/pkg/auth/ark_auth.go:119.3,119.68 1 0
github.com/cyberark/ark-sdk-golang/pkg/auth/ark_auth.go:119.68,120.47 1 0
github.com/cyberark/ark-sdk-golang/pkg/auth/ark_auth.go:120.47,122.21 2 0
github.com/cyberark/ark-sdk-golang/pkg/auth/ark_auth.go:122.21,124.6 1 0
github.com/cyberark/ark-sdk-golang/pkg/auth/ark_auth.go:124.11,126.6 1 0
github.com/cyberark/ark-sdk-golang/pkg/auth/ark_auth.go:127.10,129.5 1 0
github.com/cyberark/ark-sdk-golang/pkg/auth/ark_auth.go:132.2,132.18 1 0
github.com/cyberark/ark-sdk-golang/pkg/auth/ark_auth.go:132.18,134.17 2 0
github.com/cyberark/ark-sdk-golang/pkg/auth/ark_auth.go:134.17,136.4 1 0
github.com/cyberark/ark-sdk-golang/pkg/auth/ark_auth.go:137.3,137.69 1 0
github.com/cyberark/ark-sdk-golang/pkg/auth/ark_auth.go:137.69,139.18 2 0
github.com/cyberark/ark-sdk-golang/pkg/auth/ark_auth.go:139.18,141.5 1 0
github.com/cyberark/ark-sdk-golang/pkg/auth/ark_auth.go:143.8,143.43 1 0
github.com/cyberark/ark-sdk-golang/pkg/auth/ark_auth.go:143.43,145.17 2 0
github.com/cyberark/ark-sdk-golang/pkg/auth/ark_auth.go:145.17,147.4 1 0
github.com/cyberark/ark-sdk-golang/pkg/auth/ark_auth.go:148.3,148.69 1 0
github.com/cyberark/ark-sdk-golang/pkg/auth/ark_auth.go:148.69,150.18 2 0
github.com/cyberark/ark-sdk-golang/pkg/auth/ark_auth.go:150.18,152.5 1 0
github.com/cyberark/ark-sdk-golang/pkg/auth/ark_auth.go:155.2,158.19 4 0
github.com/cyberark/ark-sdk-golang/pkg/auth/ark_auth.go:162.72,165.20 3 0
github.com/cyberark/ark-sdk-golang/pkg/auth/ark_auth.go:165.20,168.3 2 0
github.com/cyberark/ark-sdk-golang/pkg/auth/ark_auth.go:169.2,169.102 1 0
github.com/cyberark/ark-sdk-golang/pkg/auth/ark_auth.go:169.102,171.17 2 0
github.com/cyberark/ark-sdk-golang/pkg/auth/ark_auth.go:171.17,173.4 1 0
github.com/cyberark/ark-sdk-golang/pkg/auth/ark_auth.go:174.3,174.72 1 0
github.com/cyberark/ark-sdk-golang/pkg/auth/ark_auth.go:174.72,176.4 1 0
github.com/cyberark/ark-sdk-golang/pkg/auth/ark_auth.go:176.9,178.4 1 0
github.com/cyberark/ark-sdk-golang/pkg/auth/ark_auth.go:179.3,179.24 1 0
github.com/cyberark/ark-sdk-golang/pkg/auth/ark_auth.go:181.2,181.14 1 0
github.com/cyberark/ark-sdk-golang/pkg/auth/ark_auth.go:185.112,188.20 3 0
github.com/cyberark/ark-sdk-golang/pkg/auth/ark_auth.go:188.20,189.29 1 0
github.com/cyberark/ark-sdk-golang/pkg/auth/ark_auth.go:189.29,191.4 1 0
github.com/cyberark/ark-sdk-golang/pkg/auth/ark_auth.go:191.9,194.4 2 0
github.com/cyberark/ark-sdk-golang/pkg/auth/ark_auth.go:196.2,197.24 2 0
github.com/cyberark/ark-sdk-golang/pkg/auth/ark_auth.go:197.24,198.78 1 0
github.com/cyberark/ark-sdk-golang/pkg/auth/ark_auth.go:198.78,200.4 1 0
github.com/cyberark/ark-sdk-golang/pkg/auth/ark_auth.go:202.2,202.24 1 0
github.com/cyberark/ark-sdk-golang/pkg/auth/ark_auth.go:202.24,204.28 2 0
github.com/cyberark/ark-sdk-golang/pkg/auth/ark_auth.go:204.28,206.18 2 0
github.com/cyberark/ark-sdk-golang/pkg/auth/ark_auth.go:206.18,208.5 1 0
github.com/cyberark/ark-sdk-golang/pkg/auth/ark_auth.go:210.3,210.18 1 0
github.com/cyberark/ark-sdk-golang/pkg/auth/ark_auth.go:210.18,211.140 1 0
github.com/cyberark/ark-sdk-golang/pkg/auth/ark_auth.go:211.140,213.5 1 0
github.com/cyberark/ark-sdk-golang/pkg/auth/ark_auth.go:213.10,216.73 3 0
github.com/cyberark/ark-sdk-golang/pkg/auth/ark_auth.go:216.73,218.6 1 0
github.com/cyberark/ark-sdk-golang/pkg/auth/ark_auth.go:219.5,219.73 1 0
github.com/cyberark/ark-sdk-golang/pkg/auth/ark_auth.go:219.73,221.20 2 0
github.com/cyberark/ark-sdk-golang/pkg/auth/ark_auth.go:221.20,223.7 1 0
github.com/cyberark/ark-sdk-golang/pkg/auth/ark_auth.go:227.3,227.72 1 0
github.com/cyberark/ark-sdk-golang/pkg/auth/ark_auth.go:227.72,229.4 1 0
github.com/cyberark/ark-sdk-golang/pkg/auth/ark_auth.go:230.3,230.21 1 0
github.com/cyberark/ark-sdk-golang/pkg/auth/ark_auth.go:230.21,233.4 2 0
github.com/cyberark/ark-sdk-golang/pkg/auth/ark_auth.go:234.3,234.22 1 0
github.com/cyberark/ark-sdk-golang/pkg/auth/ark_auth.go:236.2,236.17 1 0
github.com/cyberark/ark-sdk-golang/pkg/auth/ark_auth_types.go:15.54,17.52 2 0
github.com/cyberark/ark-sdk-golang/pkg/auth/ark_auth_types.go:17.52,19.4 1 0
github.com/cyberark/ark-sdk-golang/pkg/auth/ark_auth_types.go:20.3,20.24 1 0
github.com/cyberark/ark-sdk-golang/pkg/auth/ark_auth_types.go:24.53,26.52 2 0
github.com/cyberark/ark-sdk-golang/pkg/auth/ark_auth_types.go:26.52,27.55 1 0
github.com/cyberark/ark-sdk-golang/pkg/auth/ark_auth_types.go:27.55,28.46 1 0
github.com/cyberark/ark-sdk-golang/pkg/auth/ark_auth_types.go:28.46,30.6 1 0
github.com/cyberark/ark-sdk-golang/pkg/auth/ark_auth_types.go:33.3,33.21 1 0
github.com/cyberark/ark-sdk-golang/pkg/auth/ark_isp_auth.go:37.54,43.2 5 0
github.com/cyberark/ark-sdk-golang/pkg/auth/ark_isp_auth.go:45.174,58.16 3 0
github.com/cyberark/ark-sdk-golang/pkg/auth/ark_isp_auth.go:58.16,61.3 2 0
github.com/cyberark/ark-sdk-golang/pkg/auth/ark_isp_auth.go:62.2,63.16 2 0
github.com/cyberark/ark-sdk-golang/pkg/auth/ark_isp_auth.go:63.16,66.3 2 0
github.com/cyberark/ark-sdk-golang/pkg/auth/ark_isp_auth.go:67.2,69.24 3 0
github.com/cyberark/ark-sdk-golang/pkg/auth/ark_isp_auth.go:69.24,71.3 1 0
github.com/cyberark/ark-sdk-golang/pkg/auth/ark_isp_auth.go:72.2,73.16 2 0
github.com/cyberark/ark-sdk-golang/pkg/auth/ark_isp_auth.go:73.16,76.3 2 0
github.com/cyberark/ark-sdk-golang/pkg/auth/ark_isp_auth.go:77.2,89.8 1 0
github.com/cyberark/ark-sdk-golang/pkg/auth/ark_isp_auth.go:92.167,105.16 3 0
github.com/cyberark/ark-sdk-golang/pkg/auth/ark_isp_auth.go:105.16,108.3 2 0
github.com/cyberark/ark-sdk-golang/pkg/auth/ark_isp_auth.go:109.2,110.16 2 0
github.com/cyberark/ark-sdk-golang/pkg/auth/ark_isp_auth.go:110.16,113.3 2 0
github.com/cyberark/ark-sdk-golang/pkg/auth/ark_isp_auth.go:114.2,116.24 3 0
github.com/cyberark/ark-sdk-golang/pkg/auth/ark_isp_auth.go:116.24,118.3 1 0
github.com/cyberark/ark-sdk-golang/pkg/auth/ark_isp_auth.go:119.2,120.16 2 0
github.com/cyberark/ark-sdk-golang/pkg/auth/ark_isp_auth.go:120.16,123.3 2 0
github.com/cyberark/ark-sdk-golang/pkg/auth/ark_isp_auth.go:124.2,136.8 1 0
github.com/cyberark/ark-sdk-golang/pkg/auth/ark_isp_auth.go:139.185,140.19 1 0
github.com/cyberark/ark-sdk-golang/pkg/auth/ark_isp_auth.go:140.19,142.3 1 0
github.com/cyberark/ark-sdk-golang/pkg/auth/ark_isp_auth.go:143.2,155.16 3 0
github.com/cyberark/ark-sdk-golang/pkg/auth/ark_isp_auth.go:155.16,158.3 2 0
github.com/cyberark/ark-sdk-golang/pkg/auth/ark_isp_auth.go:159.2,160.16 2 0
github.com/cyberark/ark-sdk-golang/pkg/auth/ark_isp_auth.go:160.16,163.3 2 0
github.com/cyberark/ark-sdk-golang/pkg/auth/ark_isp_auth.go:164.2,166.16 3 0
github.com/cyberark/ark-sdk-golang/pkg/auth/ark_isp_auth.go:166.16,169.3 2 0
github.com/cyberark/ark-sdk-golang/pkg/auth/ark_isp_auth.go:170.2,181.8 1 0
github.com/cyberark/ark-sdk-golang/pkg/auth/ark_isp_auth.go:185.166,187.32 2 0
github.com/cyberark/ark-sdk-golang/pkg/auth/ark_isp_auth.go:188.35,189.78 1 0
github.com/cyberark/ark-sdk-golang/pkg/auth/ark_isp_auth.go:190.32,191.89 1 0
github.com/cyberark/ark-sdk-golang/pkg/auth/ark_isp_auth.go:192.10,193.63 1 0
github.com/cyberark/ark-sdk-golang/pkg/auth/ark_isp_auth.go:198.159,200.87 2 0
github.com/cyberark/ark-sdk-golang/pkg/auth/ark_isp_auth.go:200.87,202.3 1 0
github.com/cyberark/ark-sdk-golang/pkg/auth/ark_isp_auth.go:203.2,203.19 1 0
github.com/cyberark/ark-sdk-golang/pkg/auth/ark_isp_auth.go:207.111,209.2 1 0
github.com/cyberark/ark-sdk-golang/pkg/auth/ark_isp_auth.go:212.175,214.2 1 0
github.com/cyberark/ark-sdk-golang/pkg/auth/ark_isp_auth.go:217.71,219.2 1 0
github.com/cyberark/ark-sdk-golang/pkg/auth/ark_isp_auth.go:222.49,224.2 1 0
github.com/cyberark/ark-sdk-golang/pkg/auth/ark_isp_auth.go:227.62,229.2 1 0
github.com/cyberark/ark-sdk-golang/pkg/auth/ark_isp_auth.go:232.66,234.2 1 0
github.com/cyberark/ark-sdk-golang/pkg/auth/ark_isp_auth.go:237.91,239.2 1 0
github.com/cyberark/ark-sdk-golang/pkg/models/auth/ark_auth_profile.go:16.59,25.51 3 0
github.com/cyberark/ark-sdk-golang/pkg/models/auth/ark_auth_profile.go:25.51,27.3 1 0
github.com/cyberark/ark-sdk-golang/pkg/models/auth/ark_auth_profile.go:29.2,30.22 2 0
github.com/cyberark/ark-sdk-golang/pkg/models/auth/ark_auth_profile.go:31.16,32.46 1 0
github.com/cyberark/ark-sdk-golang/pkg/models/auth/ark_auth_profile.go:33.27,34.57 1 0
github.com/cyberark/ark-sdk-golang/pkg/models/auth/ark_auth_profile.go:35.14,36.44 1 0
github.com/cyberark/ark-sdk-golang/pkg/models/auth/ark_auth_profile.go:37.15,38.45 1 0
github.com/cyberark/ark-sdk-golang/pkg/models/auth/ark_auth_profile.go:39.10,40.61 1 0
github.com/cyberark/ark-sdk-golang/pkg/models/auth/ark_auth_profile.go:43.2,43.73 1 0
github.com/cyberark/ark-sdk-golang/pkg/models/auth/ark_auth_profile.go:43.73,45.3 1 0
github.com/cyberark/ark-sdk-golang/pkg/models/auth/ark_auth_profile.go:47.2,48.12 2 0
github.com/cyberark/ark-sdk-golang/pkg/ark_api.go:137.92,139.20 2 3
github.com/cyberark/ark-sdk-golang/pkg/ark_api.go:139.20,141.17 2 1
github.com/cyberark/ark-sdk-golang/pkg/ark_api.go:141.17,143.4 1 0
github.com/cyberark/ark-sdk-golang/pkg/ark_api.go:145.2,149.8 1 3
github.com/cyberark/ark-sdk-golang/pkg/ark_api.go:167.95,169.51 2 6
github.com/cyberark/ark-sdk-golang/pkg/ark_api.go:169.51,170.58 1 0
github.com/cyberark/ark-sdk-golang/pkg/ark_api.go:170.58,171.49 1 0
github.com/cyberark/ark-sdk-golang/pkg/ark_api.go:171.49,173.5 1 0
github.com/cyberark/ark-sdk-golang/pkg/ark_api.go:176.2,176.51 1 6
github.com/cyberark/ark-sdk-golang/pkg/ark_api.go:176.51,177.58 1 0
github.com/cyberark/ark-sdk-golang/pkg/ark_api.go:177.58,178.49 1 0
github.com/cyberark/ark-sdk-golang/pkg/ark_api.go:178.49,180.5 1 0
github.com/cyberark/ark-sdk-golang/pkg/ark_api.go:183.2,183.23 1 6
github.com/cyberark/ark-sdk-golang/pkg/ark_api.go:208.82,209.51 1 3
github.com/cyberark/ark-sdk-golang/pkg/ark_api.go:209.51,210.61 1 0
github.com/cyberark/ark-sdk-golang/pkg/ark_api.go:210.61,212.4 1 0
github.com/cyberark/ark-sdk-golang/pkg/ark_api.go:214.2,214.79 1 3
github.com/cyberark/ark-sdk-golang/pkg/ark_api.go:233.49,235.2 1 3
github.com/cyberark/ark-sdk-golang/pkg/ark_api.go:258.63,259.89 1 0
github.com/cyberark/ark-sdk-golang/pkg/ark_api.go:259.89,261.3 1 0
github.com/cyberark/ark-sdk-golang/pkg/ark_api.go:262.2,263.16 2 0
github.com/cyberark/ark-sdk-golang/pkg/ark_api.go:263.16,265.3 1 0
github.com/cyberark/ark-sdk-golang/pkg/ark_api.go:266.2,268.24 3 0
github.com/cyberark/ark-sdk-golang/pkg/ark_api.go:292.63,293.89 1 0
github.com/cyberark/ark-sdk-golang/pkg/ark_api.go:293.89,295.3 1 0
github.com/cyberark/ark-sdk-golang/pkg/ark_api.go:296.2,297.16 2 0
github.com/cyberark/ark-sdk-golang/pkg/ark_api.go:297.16,299.3 1 0
github.com/cyberark/ark-sdk-golang/pkg/ark_api.go:300.2,302.24 3 0
github.com/cyberark/ark-sdk-golang/pkg/ark_api.go:306.104,307.119 1 0
github.com/cyberark/ark-sdk-golang/pkg/ark_api.go:307.119,309.3 1 0
github.com/cyberark/ark-sdk-golang/pkg/ark_api.go:310.2,311.16 2 0
github.com/cyberark/ark-sdk-golang/pkg/ark_api.go:311.16,313.3 1 0
github.com/cyberark/ark-sdk-golang/pkg/ark_api.go:314.2,316.31 3 0
github.com/cyberark/ark-sdk-golang/pkg/ark_api.go:320.90,321.115 1 0
github.com/cyberark/ark-sdk-golang/pkg/ark_api.go:321.115,323.3 1 0
github.com/cyberark/ark-sdk-golang/pkg/ark_api.go:324.2,325.16 2 0
github.com/cyberark/ark-sdk-golang/pkg/ark_api.go:325.16,327.3 1 0
github.com/cyberark/ark-sdk-golang/pkg/ark_api.go:328.2,330.33 3 0
github.com/cyberark/ark-sdk-golang/pkg/ark_api.go:334.81,335.107 1 0
github.com/cyberark/ark-sdk-golang/pkg/ark_api.go:335.107,337.3 1 0
github.com/cyberark/ark-sdk-golang/pkg/ark_api.go:338.2,339.16 2 0
github.com/cyberark/ark-sdk-golang/pkg/ark_api.go:339.16,341.3 1 0
github.com/cyberark/ark-sdk-golang/pkg/ark_api.go:342.2,344.30 3 0
github.com/cyberark/ark-sdk-golang/pkg/ark_api.go:348.81,349.107 1 0
github.com/cyberark/ark-sdk-golang/pkg/ark_api.go:349.107,351.3 1 0
github.com/cyberark/ark-sdk-golang/pkg/ark_api.go:352.2,353.16 2 0
github.com/cyberark/ark-sdk-golang/pkg/ark_api.go:353.16,355.3 1 0
github.com/cyberark/ark-sdk-golang/pkg/ark_api.go:356.2,358.30 3 0
github.com/cyberark/ark-sdk-golang/pkg/ark_api.go:362.72,363.98 1 0
github.com/cyberark/ark-sdk-golang/pkg/ark_api.go:363.98,365.3 1 0
github.com/cyberark/ark-sdk-golang/pkg/ark_api.go:366.2,367.16 2 0
github.com/cyberark/ark-sdk-golang/pkg/ark_api.go:367.16,369.3 1 0
github.com/cyberark/ark-sdk-golang/pkg/ark_api.go:370.2,372.27 3 0
github.com/cyberark/ark-sdk-golang/pkg/ark_api.go:376.69,377.95 1 0
github.com/cyberark/ark-sdk-golang/pkg/ark_api.go:377.95,379.3 1 0
github.com/cyberark/ark-sdk-golang/pkg/ark_api.go:380.2,381.16 2 0
github.com/cyberark/ark-sdk-golang/pkg/ark_api.go:381.16,383.3 1 0
github.com/cyberark/ark-sdk-golang/pkg/ark_api.go:384.2,386.26 3 0
github.com/cyberark/ark-sdk-golang/pkg/ark_api.go:390.60,391.86 1 0
github.com/cyberark/ark-sdk-golang/pkg/ark_api.go:391.86,393.3 1 0
github.com/cyberark/ark-sdk-golang/pkg/ark_api.go:394.2,395.16 2 0
github.com/cyberark/ark-sdk-golang/pkg/ark_api.go:395.16,397.3 1 0
github.com/cyberark/ark-sdk-golang/pkg/ark_api.go:398.2,400.23 3 0
github.com/cyberark/ark-sdk-golang/pkg/ark_api.go:404.57,405.86 1 0
github.com/cyberark/ark-sdk-golang/pkg/ark_api.go:405.86,407.3 1 0
github.com/cyberark/ark-sdk-golang/pkg/ark_api.go:408.2,409.16 2 0
github.com/cyberark/ark-sdk-golang/pkg/ark_api.go:409.16,411.3 1 0
github.com/cyberark/ark-sdk-golang/pkg/ark_api.go:412.2,414.25 3 0
github.com/cyberark/ark-sdk-golang/pkg/ark_api.go:418.72,419.101 1 0
github.com/cyberark/ark-sdk-golang/pkg/ark_api.go:419.101,421.3 1 0
github.com/cyberark/ark-sdk-golang/pkg/ark_api.go:422.2,423.16 2 0
github.com/cyberark/ark-sdk-golang/pkg/ark_api.go:423.16,425.3 1 0
github.com/cyberark/ark-sdk-golang/pkg/ark_api.go:426.2,428.32 3 0
github.com/cyberark/ark-sdk-golang/pkg/ark_api.go:432.81,433.110 1 0
github.com/cyberark/ark-sdk-golang/pkg/ark_api.go:433.110,435.3 1 0
github.com/cyberark/ark-sdk-golang/pkg/ark_api.go:436.2,437.16 2 0
github.com/cyberark/ark-sdk-golang/pkg/ark_api.go:437.16,439.3 1 0
github.com/cyberark/ark-sdk-golang/pkg/ark_api.go:440.2,442.35 3 0
github.com/cyberark/ark-sdk-golang/pkg/ark_api.go:446.94,447.115 1 0
github.com/cyberark/ark-sdk-golang/pkg/ark_api.go:447.115,449.3 1 0
github.com/cyberark/ark-sdk-golang/pkg/ark_api.go:450.2,451.16 2 0
github.com/cyberark/ark-sdk-golang/pkg/ark_api.go:451.16,453.3 1 0
github.com/cyberark/ark-sdk-golang/pkg/ark_api.go:454.2,456.32 3 0
github.com/cyberark/ark-sdk-golang/pkg/ark_api.go:460.76,461.97 1 0
github.com/cyberark/ark-sdk-golang/pkg/ark_api.go:461.97,463.3 1 0
github.com/cyberark/ark-sdk-golang/pkg/ark_api.go:464.2,465.16 2 0
github.com/cyberark/ark-sdk-golang/pkg/ark_api.go:465.16,467.3 1 0
github.com/cyberark/ark-sdk-golang/pkg/ark_api.go:468.2,470.26 3 0
github.com/cyberark/ark-sdk-golang/pkg/ark_api.go:474.76,475.97 1 0
github.com/cyberark/ark-sdk-golang/pkg/ark_api.go:475.97,477.3 1 0
github.com/cyberark/ark-sdk-golang/pkg/ark_api.go:478.2,479.16 2 0
github.com/cyberark/ark-sdk-golang/pkg/ark_api.go:479.16,481.3 1 0
github.com/cyberark/ark-sdk-golang/pkg/ark_api.go:482.2,484.26 3 0
github.com/cyberark/ark-sdk-golang/pkg/ark_api.go:488.96,489.119 1 0
github.com/cyberark/ark-sdk-golang/pkg/ark_api.go:489.119,491.3 1 0
github.com/cyberark/ark-sdk-golang/pkg/ark_api.go:492.2,493.16 2 0
github.com/cyberark/ark-sdk-golang/pkg/ark_api.go:493.16,495.3 1 0
github.com/cyberark/ark-sdk-golang/pkg/ark_api.go:496.2,498.34 3 0
github.com/cyberark/ark-sdk-golang/pkg/ark_api.go:502.72,503.101 1 0
github.com/cyberark/ark-sdk-golang/pkg/ark_api.go:503.101,505.3 1 0
github.com/cyberark/ark-sdk-golang/pkg/ark_api.go:506.2,507.16 2 0
github.com/cyberark/ark-sdk-golang/pkg/ark_api.go:507.16,509.3 1 0
github.com/cyberark/ark-sdk-golang/pkg/ark_api.go:510.2,512.26 3 0
github.com/cyberark/ark-sdk-golang/pkg/ark_api.go:516.90,517.113 1 0
github.com/cyberark/ark-sdk-golang/pkg/ark_api.go:517.113,519.3 1 0
github.com/cyberark/ark-sdk-golang/pkg/ark_api.go:520.2,521.16 2 0
github.com/cyberark/ark-sdk-golang/pkg/ark_api.go:521.16,523.3 1 0
github.com/cyberark/ark-sdk-golang/pkg/ark_api.go:524.2,526.32 3 0
github.com/cyberark/ark-sdk-golang/pkg/ark_api.go:530.78,531.101 1 0
github.com/cyberark/ark-sdk-golang/pkg/ark_api.go:531.101,533.3 1 0
github.com/cyberark/ark-sdk-golang/pkg/ark_api.go:534.2,535.16 2 0
github.com/cyberark/ark-sdk-golang/pkg/ark_api.go:535.16,537.3 1 0
github.com/cyberark/ark-sdk-golang/pkg/ark_api.go:538.2,540.28 3 0
github.com/cyberark/ark-sdk-golang/pkg/ark_api.go:544.93,545.116 1 0
github.com/cyberark/ark-sdk-golang/pkg/ark_api.go:545.116,547.3 1 0
github.com/cyberark/ark-sdk-golang/pkg/ark_api.go:548.2,549.16 2 0
github.com/cyberark/ark-sdk-golang/pkg/ark_api.go:549.16,551.3 1 0
github.com/cyberark/ark-sdk-golang/pkg/ark_api.go:552.2,554.33 3 0
github.com/cyberark/ark-sdk-golang/pkg/ark_api.go:558.78,559.101 1 0
github.com/cyberark/ark-sdk-golang/pkg/ark_api.go:559.101,561.3 1 0
github.com/cyberark/ark-sdk-golang/pkg/ark_api.go:562.2,563.16 2 0
github.com/cyberark/ark-sdk-golang/pkg/ark_api.go:563.16,565.3 1 0
github.com/cyberark/ark-sdk-golang/pkg/ark_api.go:566.2,568.28 3 0
github.com/cyberark/ark-sdk-golang/pkg/ark_api.go:572.93,573.116 1 0
github.com/cyberark/ark-sdk-golang/pkg/ark_api.go:573.116,575.3 1 0
github.com/cyberark/ark-sdk-golang/pkg/ark_api.go:576.2,577.16 2 0
github.com/cyberark/ark-sdk-golang/pkg/ark_api.go:577.16,579.3 1 0
github.com/cyberark/ark-sdk-golang/pkg/ark_api.go:580.2,582.33 3 0
github.com/cyberark/ark-sdk-golang/pkg/ark_api.go:586.51,587.73 1 0
github.com/cyberark/ark-sdk-golang/pkg/ark_api.go:587.73,589.3 1 0
github.com/cyberark/ark-sdk-golang/pkg/ark_api.go:590.2,591.16 2 0
github.com/cyberark/ark-sdk-golang/pkg/ark_api.go:591.16,593.3 1 0
github.com/cyberark/ark-sdk-golang/pkg/ark_api.go:594.2,596.23 3 0
github.com/cyberark/ark-sdk-golang/pkg/ark_api.go:600.54,601.76 1 0
github.com/cyberark/ark-sdk-golang/pkg/ark_api.go:601.76,603.3 1 0
github.com/cyberark/ark-sdk-golang/pkg/ark_api.go:604.2,605.16 2 0
github.com/cyberark/ark-sdk-golang/pkg/ark_api.go:605.16,607.3 1 0
github.com/cyberark/ark-sdk-golang/pkg/ark_api.go:608.2,610.24 3 0
github.com/cyberark/ark-sdk-golang/pkg/ark_api.go:614.60,615.85 1 0
github.com/cyberark/ark-sdk-golang/pkg/ark_api.go:615.85,617.3 1 0
github.com/cyberark/ark-sdk-golang/pkg/ark_api.go:618.2,619.16 2 0
github.com/cyberark/ark-sdk-golang/pkg/ark_api.go:619.16,621.3 1 0
github.com/cyberark/ark-sdk-golang/pkg/ark_api.go:622.2,624.27 3 0
github.com/cyberark/ark-sdk-golang/pkg/ark_api.go:628.60,629.85 1 0
github.com/cyberark/ark-sdk-golang/pkg/ark_api.go:629.85,631.3 1 0
github.com/cyberark/ark-sdk-golang/pkg/ark_api.go:632.2,633.16 2 0
github.com/cyberark/ark-sdk-golang/pkg/ark_api.go:633.16,635.3 1 0
github.com/cyberark/ark-sdk-golang/pkg/ark_api.go:636.2,638.26 3 0
github.com/cyberark/ark-sdk-golang/pkg/ark_api.go:642.60,643.85 1 0
github.com/cyberark/ark-sdk-golang/pkg/ark_api.go:643.85,645.3 1 0
github.com/cyberark/ark-sdk-golang/pkg/ark_api.go:646.2,647.16 2 0
github.com/cyberark/ark-sdk-golang/pkg/ark_api.go:647.16,649.3 1 0
github.com/cyberark/ark-sdk-golang/pkg/ark_api.go:650.2,652.26 3 0
github.com/cyberark/ark-sdk-golang/pkg/actions/ark_action.go:52.40,56.2 1 139
github.com/cyberark/ark-sdk-golang/pkg/actions/ark_action.go:82.72,91.2 8 42
github.com/cyberark/ark-sdk-golang/pkg/actions/ark_action.go:117.83,125.63 7 26
github.com/cyberark/ark-sdk-golang/pkg/actions/ark_action.go:125.63,127.3 1 0
github.com/cyberark/ark-sdk-golang/pkg/actions/ark_action.go:128.2,128.72 1 26
github.com/cyberark/ark-sdk-golang/pkg/actions/ark_action.go:128.72,130.3 1 0
github.com/cyberark/ark-sdk-golang/pkg/actions/ark_action.go:131.2,131.75 1 26
github.com/cyberark/ark-sdk-golang/pkg/actions/ark_action.go:131.75,133.3 1 0
github.com/cyberark/ark-sdk-golang/pkg/actions/ark_action.go:134.2,134.88 1 26
github.com/cyberark/ark-sdk-golang/pkg/actions/ark_action.go:134.88,136.3 1 0
github.com/cyberark/ark-sdk-golang/pkg/actions/ark_action.go:137.2,137.121 1 26
github.com/cyberark/ark-sdk-golang/pkg/actions/ark_action.go:137.121,139.3 1 0
github.com/cyberark/ark-sdk-golang/pkg/actions/ark_action.go:139.8,139.103 1 26
github.com/cyberark/ark-sdk-golang/pkg/actions/ark_action.go:139.103,141.3 1 0
github.com/cyberark/ark-sdk-golang/pkg/actions/ark_action.go:142.2,144.96 2 26
github.com/cyberark/ark-sdk-golang/pkg/actions/ark_action.go:144.96,146.3 1 13
github.com/cyberark/ark-sdk-golang/pkg/actions/ark_action.go:147.2,147.35 1 26
github.com/cyberark/ark-sdk-golang/pkg/actions/ark_action.go:147.35,149.3 1 3
github.com/cyberark/ark-sdk-golang/pkg/actions/ark_cache_action.go:38.42,42.2 1 15
github.com/cyberark/ark-sdk-golang/pkg/actions/ark_cache_action.go:67.59,72.70 2 6
github.com/cyberark/ark-sdk-golang/pkg/actions/ark_cache_action.go:72.70,74.3 1 0
github.com/cyberark/ark-sdk-golang/pkg/actions/ark_cache_action.go:75.2,84.26 4 6
github.com/cyberark/ark-sdk-golang/pkg/actions/ark_cache_action.go:110.81,111.76 1 4
github.com/cyberark/ark-sdk-golang/pkg/actions/ark_cache_action.go:111.76,112.80 1 4
github.com/cyberark/ark-sdk-golang/pkg/actions/ark_cache_action.go:112.80,115.4 2 0
github.com/cyberark/ark-sdk-golang/pkg/actions/ark_cache_action.go:116.3,117.86 2 4
github.com/cyberark/ark-sdk-golang/pkg/actions/ark_cache_action.go:117.86,119.4 1 1
github.com/cyberark/ark-sdk-golang/pkg/actions/ark_cache_action.go:120.3,121.68 2 4
github.com/cyberark/ark-sdk-golang/pkg/actions/ark_configure_action.go:56.88,61.2 1 11
github.com/cyberark/ark-sdk-golang/pkg/actions/ark_configure_action.go:93.63,99.69 2 4
github.com/cyberark/ark-sdk-golang/pkg/actions/ark_configure_action.go:99.69,101.3 1 0
github.com/cyberark/ark-sdk-golang/pkg/actions/ark_configure_action.go:102.2,106.16 3 4
github.com/cyberark/ark-sdk-golang/pkg/actions/ark_configure_action.go:106.16,108.13 2 0
github.com/cyberark/ark-sdk-golang/pkg/actions/ark_configure_action.go:112.2,112.65 1 4
github.com/cyberark/ark-sdk-golang/pkg/actions/ark_configure_action.go:112.65,118.52 2 4
github.com/cyberark/ark-sdk-golang/pkg/actions/ark_configure_action.go:118.52,124.4 1 4
github.com/cyberark/ark-sdk-golang/pkg/actions/ark_configure_action.go:126.3,127.17 2 4
github.com/cyberark/ark-sdk-golang/pkg/actions/ark_configure_action.go:127.17,129.14 2 0
github.com/cyberark/ark-sdk-golang/pkg/actions/ark_configure_action.go:133.3,133.67 1 4
github.com/cyberark/ark-sdk-golang/pkg/actions/ark_configure_action.go:133.67,136.18 3 8
github.com/cyberark/ark-sdk-golang/pkg/actions/ark_configure_action.go:136.18,138.15 2 0
github.com/cyberark/ark-sdk-golang/pkg/actions/ark_configure_action.go:140.4,141.31 2 8
github.com/cyberark/ark-sdk-golang/pkg/actions/ark_configure_action.go:141.31,142.50 1 32
github.com/cyberark/ark-sdk-golang/pkg/actions/ark_configure_action.go:142.50,143.29 1 220
github.com/cyberark/ark-sdk-golang/pkg/actions/ark_configure_action.go:143.29,145.7 1 8
github.com/cyberark/ark-sdk-golang/pkg/actions/ark_configure_action.go:148.4,149.31 2 8
github.com/cyberark/ark-sdk-golang/pkg/actions/ark_configure_action.go:149.31,150.51 1 32
github.com/cyberark/ark-sdk-golang/pkg/actions/ark_configure_action.go:150.51,152.6 1 24
github.com/cyberark/ark-sdk-golang/pkg/actions/ark_configure_action.go:154.4,154.53 1 8
github.com/cyberark/ark-sdk-golang/pkg/actions/ark_configure_action.go:157.2,157.25 1 4
github.com/cyberark/ark-sdk-golang/pkg/actions/ark_configure_action.go:183.132,193.16 2 0
github.com/cyberark/ark-sdk-golang/pkg/actions/ark_configure_action.go:193.16,195.3 1 0
github.com/cyberark/ark-sdk-golang/pkg/actions/ark_configure_action.go:196.2,197.34 2 0
github.com/cyberark/ark-sdk-golang/pkg/actions/ark_configure_action.go:197.34,202.3 1 0
github.com/cyberark/ark-sdk-golang/pkg/actions/ark_configure_action.go:203.2,204.16 2 0
github.com/cyberark/ark-sdk-golang/pkg/actions/ark_configure_action.go:204.16,206.3 1 0
github.com/cyberark/ark-sdk-golang/pkg/actions/ark_configure_action.go:207.2,209.16 3 0
github.com/cyberark/ark-sdk-golang/pkg/actions/ark_configure_action.go:209.16,211.3 1 0
github.com/cyberark/ark-sdk-golang/pkg/actions/ark_configure_action.go:212.2,212.29 1 0
github.com/cyberark/ark-sdk-golang/pkg/actions/ark_configure_action.go:212.29,213.34 1 0
github.com/cyberark/ark-sdk-golang/pkg/actions/ark_configure_action.go:213.34,214.12 1 0
github.com/cyberark/ark-sdk-golang/pkg/actions/ark_configure_action.go:216.3,217.17 2 0
github.com/cyberark/ark-sdk-golang/pkg/actions/ark_configure_action.go:217.17,219.4 1 0
github.com/cyberark/ark-sdk-golang/pkg/actions/ark_configure_action.go:220.3,220.16 1 0
github.com/cyberark/ark-sdk-golang/pkg/actions/ark_configure_action.go:220.16,222.10 2 0
github.com/cyberark/ark-sdk-golang/pkg/actions/ark_configure_action.go:222.10,224.5 1 0
github.com/cyberark/ark-sdk-golang/pkg/actions/ark_configure_action.go:226.3,235.58 2 0
github.com/cyberark/ark-sdk-golang/pkg/actions/ark_configure_action.go:237.2,240.48 3 0
github.com/cyberark/ark-sdk-golang/pkg/actions/ark_configure_action.go:240.48,242.3 1 0
github.com/cyberark/ark-sdk-golang/pkg/actions/ark_configure_action.go:242.8,245.20 1 0
github.com/cyberark/ark-sdk-golang/pkg/actions/ark_configure_action.go:245.20,247.56 2 0
github.com/cyberark/ark-sdk-golang/pkg/actions/ark_configure_action.go:247.56,249.6 1 0
github.com/cyberark/ark-sdk-golang/pkg/actions/ark_configure_action.go:250.5,250.16 1 0
github.com/cyberark/ark-sdk-golang/pkg/actions/ark_configure_action.go:253.20,255.56 2 0
github.com/cyberark/ark-sdk-golang/pkg/actions/ark_configure_action.go:255.56,257.6 1 0
github.com/cyberark/ark-sdk-golang/pkg/actions/ark_configure_action.go:258.5,258.17 1 0
github.com/cyberark/ark-sdk-golang/pkg/actions/ark_configure_action.go:260.29,262.56 2 0
github.com/cyberark/ark-sdk-golang/pkg/actions/ark_configure_action.go:262.56,263.74 1 0
github.com/cyberark/ark-sdk-golang/pkg/actions/ark_configure_action.go:263.74,265.7 1 0
github.com/cyberark/ark-sdk-golang/pkg/actions/ark_configure_action.go:267.5,267.24 1 0
github.com/cyberark/ark-sdk-golang/pkg/actions/ark_configure_action.go:271.3,271.17 1 0
github.com/cyberark/ark-sdk-golang/pkg/actions/ark_configure_action.go:271.17,273.4 1 0
github.com/cyberark/ark-sdk-golang/pkg/actions/ark_configure_action.go:275.2,275.65 1 0
github.com/cyberark/ark-sdk-golang/pkg/actions/ark_configure_action.go:275.65,277.32 2 0
github.com/cyberark/ark-sdk-golang/pkg/actions/ark_configure_action.go:277.32,279.4 1 0
github.com/cyberark/ark-sdk-golang/pkg/actions/ark_configure_action.go:281.3,281.94 1 0
github.com/cyberark/ark-sdk-golang/pkg/actions/ark_configure_action.go:281.94,285.53 3 0
github.com/cyberark/ark-sdk-golang/pkg/actions/ark_configure_action.go:285.53,290.22 1 0
github.com/cyberark/ark-sdk-golang/pkg/actions/ark_configure_action.go:290.22,292.62 2 0
github.com/cyberark/ark-sdk-golang/pkg/actions/ark_configure_action.go:292.62,294.8 1 0
github.com/cyberark/ark-sdk-golang/pkg/actions/ark_configure_action.go:295.7,295.21 1 0
github.com/cyberark/ark-sdk-golang/pkg/actions/ark_configure_action.go:297.20,298.87 1 0
github.com/cyberark/ark-sdk-golang/pkg/actions/ark_configure_action.go:298.87,300.8 1 0
github.com/cyberark/ark-sdk-golang/pkg/actions/ark_configure_action.go:301.7,302.65 2 0
github.com/cyberark/ark-sdk-golang/pkg/actions/ark_configure_action.go:306.5,306.19 1 0
github.com/cyberark/ark-sdk-golang/pkg/actions/ark_configure_action.go:306.19,308.6 1 0
github.com/cyberark/ark-sdk-golang/pkg/actions/ark_configure_action.go:309.5,309.67 1 0
github.com/cyberark/ark-sdk-golang/pkg/actions/ark_configure_action.go:309.67,310.30 1 0
github.com/cyberark/ark-sdk-golang/pkg/actions/ark_configure_action.go:310.30,312.12 2 0
github.com/cyberark/ark-sdk-golang/pkg/actions/ark_configure_action.go:315.5,315.41 1 0
github.com/cyberark/ark-sdk-golang/pkg/actions/ark_configure_action.go:315.41,317.6 1 0
github.com/cyberark/ark-sdk-golang/pkg/actions/ark_configure_action.go:318.10,320.5 1 0
github.com/cyberark/ark-sdk-golang/pkg/actions/ark_configure_action.go:321.4,323.18 3 0
github.com/cyberark/ark-sdk-golang/pkg/actions/ark_configure_action.go:323.18,325.5 1 0
github.com/cyberark/ark-sdk-golang/pkg/actions/ark_configure_action.go:326.4,328.18 3 0
github.com/cyberark/ark-sdk-golang/pkg/actions/ark_configure_action.go:328.18,330.5 1 0
github.com/cyberark/ark-sdk-golang/pkg/actions/ark_configure_action.go:331.4,331.42 1 0
github.com/cyberark/ark-sdk-golang/pkg/actions/ark_configure_action.go:331.42,333.19 2 0
github.com/cyberark/ark-sdk-golang/pkg/actions/ark_configure_action.go:333.19,335.6 1 0
github.com/cyberark/ark-sdk-golang/pkg/actions/ark_configure_action.go:336.5,336.18 1 0
github.com/cyberark/ark-sdk-golang/pkg/actions/ark_configure_action.go:336.18,338.12 2 0
github.com/cyberark/ark-sdk-golang/pkg/actions/ark_configure_action.go:338.12,340.7 1 0
github.com/cyberark/ark-sdk-golang/pkg/actions/ark_configure_action.go:342.5,351.103 2 0
github.com/cyberark/ark-sdk-golang/pkg/actions/ark_configure_action.go:353.4,354.18 2 0
github.com/cyberark/ark-sdk-golang/pkg/actions/ark_configure_action.go:354.18,356.5 1 0
github.com/cyberark/ark-sdk-golang/pkg/actions/ark_configure_action.go:357.4,358.44 2 0
github.com/cyberark/ark-sdk-golang/pkg/actions/ark_configure_action.go:358.44,360.5 1 0
github.com/cyberark/ark-sdk-golang/pkg/actions/ark_configure_action.go:360.10,363.19 3 0
github.com/cyberark/ark-sdk-golang/pkg/actions/ark_configure_action.go:363.19,365.6 1 0
github.com/cyberark/ark-sdk-golang/pkg/actions/ark_configure_action.go:367.4,368.18 2 0
github.com/cyberark/ark-sdk-golang/pkg/actions/ark_configure_action.go:368.18,370.5 1 0
github.com/cyberark/ark-sdk-golang/pkg/actions/ark_configure_action.go:371.4,373.18 3 0
github.com/cyberark/ark-sdk-golang/pkg/actions/ark_configure_action.go:373.18,375.5 1 0
github.com/cyberark/ark-sdk-golang/pkg/actions/ark_configure_action.go:376.4,376.45 1 0
github.com/cyberark/ark-sdk-golang/pkg/actions/ark_configure_action.go:376.45,377.36 1 0
github.com/cyberark/ark-sdk-golang/pkg/actions/ark_configure_action.go:377.36,379.20 2 0
github.com/cyberark/ark-sdk-golang/pkg/actions/ark_configure_action.go:379.20,381.7 1 0
github.com/cyberark/ark-sdk-golang/pkg/actions/ark_configure_action.go:382.6,389.107 2 0
github.com/cyberark/ark-sdk-golang/pkg/actions/ark_configure_action.go:390.11,392.20 2 0
github.com/cyberark/ark-sdk-golang/pkg/actions/ark_configure_action.go:392.20,394.7 1 0
github.com/cyberark/ark-sdk-golang/pkg/actions/ark_configure_action.go:395.6,395.19 1 0
github.com/cyberark/ark-sdk-golang/pkg/actions/ark_configure_action.go:395.19,397.13 2 0
github.com/cyberark/ark-sdk-golang/pkg/actions/ark_configure_action.go:397.13,399.8 1 0
github.com/cyberark/ark-sdk-golang/pkg/actions/ark_configure_action.go:401.6,410.107 2 0
github.com/cyberark/ark-sdk-golang/pkg/actions/ark_configure_action.go:413.4,414.18 2 0
github.com/cyberark/ark-sdk-golang/pkg/actions/ark_configure_action.go:414.18,416.5 1 0
github.com/cyberark/ark-sdk-golang/pkg/actions/ark_configure_action.go:418.4,420.73 3 0
github.com/cyberark/ark-sdk-golang/pkg/actions/ark_configure_action.go:421.9,421.90 1 0
github.com/cyberark/ark-sdk-golang/pkg/actions/ark_configure_action.go:421.90,423.4 1 0
github.com/cyberark/ark-sdk-golang/pkg/actions/ark_configure_action.go:425.2,425.21 1 0
github.com/cyberark/ark-sdk-golang/pkg/actions/ark_configure_action.go:452.118,455.16 2 4
github.com/cyberark/ark-sdk-golang/pkg/actions/ark_configure_action.go:455.16,457.3 1 0
github.com/cyberark/ark-sdk-golang/pkg/actions/ark_configure_action.go:458.2,458.23 1 4
github.com/cyberark/ark-sdk-golang/pkg/actions/ark_configure_action.go:458.23,460.3 1 2
github.com/cyberark/ark-sdk-golang/pkg/actions/ark_configure_action.go:461.2,462.34 2 4
github.com/cyberark/ark-sdk-golang/pkg/actions/ark_configure_action.go:462.34,467.3 1 3
github.com/cyberark/ark-sdk-golang/pkg/actions/ark_configure_action.go:468.2,469.43 2 4
github.com/cyberark/ark-sdk-golang/pkg/actions/ark_configure_action.go:469.43,470.16 1 5
github.com/cyberark/ark-sdk-golang/pkg/actions/ark_configure_action.go:470.16,472.4 1 3
github.com/cyberark/ark-sdk-golang/pkg/actions/ark_configure_action.go:474.2,475.16 2 4
github.com/cyberark/ark-sdk-golang/pkg/actions/ark_configure_action.go:475.16,477.3 1 0
github.com/cyberark/ark-sdk-golang/pkg/actions/ark_configure_action.go:480.2,480.65 1 4
github.com/cyberark/ark-sdk-golang/pkg/actions/ark_configure_action.go:480.65,482.32 2 4
github.com/cyberark/ark-sdk-golang/pkg/actions/ark_configure_action.go:482.32,484.4 1 4
github.com/cyberark/ark-sdk-golang/pkg/actions/ark_configure_action.go:485.3,486.17 2 4
github.com/cyberark/ark-sdk-golang/pkg/actions/ark_configure_action.go:486.17,487.12 1 4
github.com/cyberark/ark-sdk-golang/pkg/actions/ark_configure_action.go:489.3,489.19 1 0
github.com/cyberark/ark-sdk-golang/pkg/actions/ark_configure_action.go:489.19,491.53 2 0
github.com/cyberark/ark-sdk-golang/pkg/actions/ark_configure_action.go:491.53,493.19 2 0
github.com/cyberark/ark-sdk-golang/pkg/actions/ark_configure_action.go:493.19,495.6 1 0
github.com/cyberark/ark-sdk-golang/pkg/actions/ark_configure_action.go:496.5,497.41 2 0
github.com/cyberark/ark-sdk-golang/pkg/actions/ark_configure_action.go:497.41,499.6 1 0
github.com/cyberark/ark-sdk-golang/pkg/actions/ark_configure_action.go:499.11,499.82 1 0
github.com/cyberark/ark-sdk-golang/pkg/actions/ark_configure_action.go:499.82,501.6 1 0
github.com/cyberark/ark-sdk-golang/pkg/actions/ark_configure_action.go:502.10,504.5 1 0
github.com/cyberark/ark-sdk-golang/pkg/actions/ark_configure_action.go:505.4,507.45 3 0
github.com/cyberark/ark-sdk-golang/pkg/actions/ark_configure_action.go:507.45,508.59 1 0
github.com/cyberark/ark-sdk-golang/pkg/actions/ark_configure_action.go:508.59,510.6 1 0
github.com/cyberark/ark-sdk-golang/pkg/actions/ark_configure_action.go:512.4,513.18 2 0
github.com/cyberark/ark-sdk-golang/pkg/actions/ark_configure_action.go:513.18,515.5 1 0
github.com/cyberark/ark-sdk-golang/pkg/actions/ark_configure_action.go:516.4,516.110 1 0
github.com/cyberark/ark-sdk-golang/pkg/actions/ark_configure_action.go:516.110,518.5 1 0
github.com/cyberark/ark-sdk-golang/pkg/actions/ark_configure_action.go:520.4,521.44 2 0
github.com/cyberark/ark-sdk-golang/pkg/actions/ark_configure_action.go:521.44,523.5 1 0
github.com/cyberark/ark-sdk-golang/pkg/actions/ark_configure_action.go:523.10,526.19 3 0
github.com/cyberark/ark-sdk-golang/pkg/actions/ark_configure_action.go:526.19,528.6 1 0
github.com/cyberark/ark-sdk-golang/pkg/actions/ark_configure_action.go:530.4,531.18 2 0
github.com/cyberark/ark-sdk-golang/pkg/actions/ark_configure_action.go:531.18,533.5 1 0
github.com/cyberark/ark-sdk-golang/pkg/actions/ark_configure_action.go:535.4,537.73 3 0
github.com/cyberark/ark-sdk-golang/pkg/actions/ark_configure_action.go:538.9,538.90 1 0
[...]
github.com/cyberark/ark-sdk-golang/pkg/common/ark_client.go:543.16,545.3 1 0
github.com/cyberark/ark-sdk-golang/pkg/common/ark_client.go:546.2,546.112 1 0
github.com/cyberark/ark-sdk-golang/pkg/common/ark_client.go:546.112,548.17 2 0
github.com/cyberark/ark-sdk-golang/pkg/common/ark_client.go:548.17,550.4 1 0
github.com/cyberark/ark-sdk-golang/pkg/common/ark_client.go:551.3,551.77 1 0
github.com/cyberark/ark-sdk-golang/pkg/common/ark_client.go:553.2,553.18 1 0
github.com/cyberark/ark-sdk-golang/pkg/common/ark_client.go:578.111,580.2 1 0
github.com/cyberark/ark-sdk-golang/pkg/common/ark_client.go:603.104,605.2 1 0
github.com/cyberark/ark-sdk-golang/pkg/common/ark_client.go:624.103,626.2 1 0
github.com/cyberark/ark-sdk-golang/pkg/common/ark_client.go:646.106,648.2 1 0
github.com/cyberark/ark-sdk-golang/pkg/common/ark_client.go:667.105,669.2 1 0
github.com/cyberark/ark-sdk-golang/pkg/common/ark_client.go:687.89,689.2 1 0
github.com/cyberark/ark-sdk-golang/pkg/common/ark_client.go:716.66,719.17 3 0
github.com/cyberark/ark-sdk-golang/pkg/common/ark_client.go:719.17,720.27 1 0
github.com/cyberark/ark-sdk-golang/pkg/common/ark_client.go:720.27,722.18 2 0
github.com/cyberark/ark-sdk-golang/pkg/common/ark_client.go:722.18,724.5 1 0
github.com/cyberark/ark-sdk-golang/pkg/common/ark_client.go:725.4,726.53 2 0
github.com/cyberark/ark-sdk-golang/pkg/common/ark_client.go:727.9,729.4 1 0
github.com/cyberark/ark-sdk-golang/pkg/common/ark_client.go:746.40,748.2 1 0
github.com/cyberark/ark-sdk-golang/pkg/common/ark_client.go:761.44,763.2 1 0
github.com/cyberark/ark-sdk-golang/pkg/common/ark_error_utils.go:27.42,29.28 2 14
github.com/cyberark/ark-sdk-golang/pkg/common/ark_error_utils.go:29.28,31.40 2 7
github.com/cyberark/ark-sdk-golang/pkg/common/ark_error_utils.go:31.40,33.4 1 3
github.com/cyberark/ark-sdk-golang/pkg/common/ark_error_utils.go:34.3,34.52 1 4
github.com/cyberark/ark-sdk-golang/pkg/common/ark_error_utils.go:36.2,36.45 1 7
github.com/cyberark/ark-sdk-golang/pkg/common/ark_folder_utils.go:36.41,38.62 2 27
github.com/cyberark/ark-sdk-golang/pkg/common/ark_folder_utils.go:38.62,40.17 2 10
github.com/cyberark/ark-sdk-golang/pkg/common/ark_folder_utils.go:40.17,42.4 1 0
github.com/cyberark/ark-sdk-golang/pkg/common/ark_folder_utils.go:43.3,43.58 1 10
github.com/cyberark/ark-sdk-golang/pkg/common/ark_folder_utils.go:45.2,45.41 1 27
github.com/cyberark/ark-sdk-golang/pkg/common/ark_folder_utils.go:45.41,47.3 1 25
github.com/cyberark/ark-sdk-golang/pkg/common/ark_folder_utils.go:48.2,48.19 1 27
github.com/cyberark/ark-sdk-golang/pkg/common/ark_keyring.go:58.52,63.2 1 25
github.com/cyberark/ark-sdk-golang/pkg/common/ark_keyring.go:65.38,66.50 1 24
github.com/cyberark/ark-sdk-golang/pkg/common/ark_keyring.go:66.50,68.3 1 0
github.com/cyberark/ark-sdk-golang/pkg/common/ark_keyring.go:69.2,69.63 1 24
github.com/cyberark/ark-sdk-golang/pkg/common/ark_keyring.go:69.63,71.3 1 0
github.com/cyberark/ark-sdk-golang/pkg/common/ark_keyring.go:72.2,72.14 1 24
github.com/cyberark/ark-sdk-golang/pkg/common/ark_keyring.go:75.35,76.59 1 23
github.com/cyberark/ark-sdk-golang/pkg/common/ark_keyring.go:76.59,78.3 1 0
github.com/cyberark/ark-sdk-golang/pkg/common/ark_keyring.go:79.2,79.14 1 23
github.com/cyberark/ark-sdk-golang/pkg/common/ark_keyring.go:102.89,103.104 1 21
github.com/cyberark/ark-sdk-golang/pkg/common/ark_keyring.go:103.104,105.3 1 18
github.com/cyberark/ark-sdk-golang/pkg/common/ark_keyring.go:106.2,106.31 1 3
github.com/cyberark/ark-sdk-golang/pkg/common/ark_keyring.go:106.31,109.3 1 0
github.com/cyberark/ark-sdk-golang/pkg/common/ark_keyring.go:110.2,110.40 1 3
github.com/cyberark/ark-sdk-golang/pkg/common/ark_keyring.go:110.40,112.3 1 1
github.com/cyberark/ark-sdk-golang/pkg/common/ark_keyring.go:113.2,113.57 1 2
github.com/cyberark/ark-sdk-golang/pkg/common/ark_keyring.go:113.57,116.3 1 2
github.com/cyberark/ark-sdk-golang/pkg/common/ark_keyring.go:117.2,117.38 1 0
github.com/cyberark/ark-sdk-golang/pkg/common/ark_keyring.go:141.130,144.16 3 8
github.com/cyberark/ark-sdk-golang/pkg/common/ark_keyring.go:144.16,146.3 1 0
github.com/cyberark/ark-sdk-golang/pkg/common/ark_keyring.go:147.2,148.16 2 8
github.com/cyberark/ark-sdk-golang/pkg/common/ark_keyring.go:148.16,150.3 1 0
github.com/cyberark/ark-sdk-golang/pkg/common/ark_keyring.go:151.2,151.106 1 8
github.com/cyberark/ark-sdk-golang/pkg/common/ark_keyring.go:151.106,152.27 1 0
github.com/cyberark/ark-sdk-golang/pkg/common/ark_keyring.go:152.27,155.4 2 0
github.com/cyberark/ark-sdk-golang/pkg/common/ark_keyring.go:156.3,157.13 2 0
github.com/cyberark/ark-sdk-golang/pkg/common/ark_keyring.go:159.2,160.12 2 8
github.com/cyberark/ark-sdk-golang/pkg/common/ark_keyring.go:189.126,192.16 3 6
github.com/cyberark/ark-sdk-golang/pkg/common/ark_keyring.go:192.16,194.3 1 0
github.com/cyberark/ark-sdk-golang/pkg/common/ark_keyring.go:195.2,196.16 2 6
github.com/cyberark/ark-sdk-golang/pkg/common/ark_keyring.go:196.16,197.27 1 0
github.com/cyberark/ark-sdk-golang/pkg/common/ark_keyring.go:197.27,200.4 2 0
github.com/cyberark/ark-sdk-golang/pkg/common/ark_keyring.go:201.3,202.18 2 0
github.com/cyberark/ark-sdk-golang/pkg/common/ark_keyring.go:204.2,204.21 1 6
github.com/cyberark/ark-sdk-golang/pkg/common/ark_keyring.go:204.21,207.3 2 1
github.com/cyberark/ark-sdk-golang/pkg/common/ark_keyring.go:208.2,209.66 2 5
github.com/cyberark/ark-sdk-golang/pkg/common/ark_keyring.go:209.66,212.3 2 1
github.com/cyberark/ark-sdk-golang/pkg/common/ark_keyring.go:213.2,213.42 1 4
github.com/cyberark/ark-sdk-golang/pkg/common/ark_keyring.go:213.42,214.169 1 3
github.com/cyberark/ark-sdk-golang/pkg/common/ark_keyring.go:214.169,217.18 3 1
github.com/cyberark/ark-sdk-golang/pkg/common/ark_keyring.go:217.18,219.5 1 0
github.com/cyberark/ark-sdk-golang/pkg/common/ark_keyring.go:220.4,220.19 1 1
github.com/cyberark/ark-sdk-golang/pkg/common/ark_keyring.go:222.3,222.121 1 2
github.com/cyberark/ark-sdk-golang/pkg/common/ark_keyring.go:222.121,225.18 3 1
github.com/cyberark/ark-sdk-golang/pkg/common/ark_keyring.go:225.18,227.5 1 0
github.com/cyberark/ark-sdk-golang/pkg/common/ark_keyring.go:228.4,228.19 1 1
github.com/cyberark/ark-sdk-golang/pkg/common/ark_keyring.go:231.2,232.20 2 2
github.com/cyberark/ark-sdk-golang/pkg/common/ark_logger.go:74.97,82.2 1 60
github.com/cyberark/ark-sdk-golang/pkg/common/ark_logger.go:97.28,99.23 2 67
github.com/cyberark/ark-sdk-golang/pkg/common/ark_logger.go:99.23,101.3 1 58
github.com/cyberark/ark-sdk-golang/pkg/common/ark_logger.go:102.2,102.35 1 9
github.com/cyberark/ark-sdk-golang/pkg/common/ark_logger.go:121.44,122.38 1 19
github.com/cyberark/ark-sdk-golang/pkg/common/ark_logger.go:123.15,124.15 1 4
github.com/cyberark/ark-sdk-golang/pkg/common/ark_logger.go:125.14,126.14 1 3
github.com/cyberark/ark-sdk-golang/pkg/common/ark_logger.go:127.17,128.17 1 2
github.com/cyberark/ark-sdk-golang/pkg/common/ark_logger.go:129.15,130.15 1 2
github.com/cyberark/ark-sdk-golang/pkg/common/ark_logger.go:131.18,132.18 1 3
github.com/cyberark/ark-sdk-golang/pkg/common/ark_logger.go:133.10,134.18 1 5
github.com/cyberark/ark-sdk-golang/pkg/common/ark_logger.go:146.36,147.30 1 46
github.com/cyberark/ark-sdk-golang/pkg/common/ark_logger.go:147.30,149.3 1 32
github.com/cyberark/ark-sdk-golang/pkg/common/ark_logger.go:150.2,150.19 1 14
github.com/cyberark/ark-sdk-golang/pkg/common/ark_logger.go:161.44,163.2 1 4
github.com/cyberark/ark-sdk-golang/pkg/common/ark_logger.go:178.57,179.16 1 5
github.com/cyberark/ark-sdk-golang/pkg/common/ark_logger.go:179.16,181.3 1 1
github.com/cyberark/ark-sdk-golang/pkg/common/ark_logger.go:182.2,182.26 1 4
github.com/cyberark/ark-sdk-golang/pkg/common/ark_logger.go:182.26,184.3 1 2
github.com/cyberark/ark-sdk-golang/pkg/common/ark_logger.go:185.2,186.28 2 2
github.com/cyberark/ark-sdk-golang/pkg/common/ark_logger.go:202.56,203.16 1 32
github.com/cyberark/ark-sdk-golang/pkg/common/ark_logger.go:203.16,205.3 1 1
github.com/cyberark/ark-sdk-golang/pkg/common/ark_logger.go:206.2,206.25 1 31
github.com/cyberark/ark-sdk-golang/pkg/common/ark_logger.go:206.25,208.3 1 29
github.com/cyberark/ark-sdk-golang/pkg/common/ark_logger.go:209.2,210.28 2 2
github.com/cyberark/ark-sdk-golang/pkg/common/ark_logger.go:226.59,227.16 1 4
github.com/cyberark/ark-sdk-golang/pkg/common/ark_logger.go:227.16,229.3 1 1
github.com/cyberark/ark-sdk-golang/pkg/common/ark_logger.go:230.2,230.28 1 3
github.com/cyberark/ark-sdk-golang/pkg/common/ark_logger.go:230.28,232.3 1 1
github.com/cyberark/ark-sdk-golang/pkg/common/ark_logger.go:233.2,234.28 2 2
github.com/cyberark/ark-sdk-golang/pkg/common/ark_logger.go:250.57,251.16 1 4
github.com/cyberark/ark-sdk-golang/pkg/common/ark_logger.go:251.16,253.3 1 1
github.com/cyberark/ark-sdk-golang/pkg/common/ark_logger.go:254.2,254.26 1 3
github.com/cyberark/ark-sdk-golang/pkg/common/ark_logger.go:254.26,256.3 1 1
github.com/cyberark/ark-sdk-golang/pkg/common/ark_logger.go:257.2,258.28 2 2
github.com/cyberark/ark-sdk-golang/pkg/common/ark_logger.go:276.57,277.16 1 0
github.com/cyberark/ark-sdk-golang/pkg/common/ark_logger.go:277.16,279.3 1 0
github.com/cyberark/ark-sdk-golang/pkg/common/ark_logger.go:280.2,280.29 1 0
github.com/cyberark/ark-sdk-golang/pkg/common/ark_logger.go:280.29,282.3 1 0
github.com/cyberark/ark-sdk-golang/pkg/common/ark_logger.go:283.2,285.13 3 0
github.com/cyberark/ark-sdk-golang/pkg/common/ark_logger.go:306.53,308.20 2 31
github.com/cyberark/ark-sdk-golang/pkg/common/ark_logger.go:308.20,311.3 2 27
github.com/cyberark/ark-sdk-golang/pkg/common/ark_logger.go:312.2,313.26 2 31
github.com/cyberark/ark-sdk-golang/pkg/common/ark_logger.go:313.26,315.3 1 29
github.com/cyberark/ark-sdk-golang/pkg/common/ark_logger.go:316.2,317.39 2 31
github.com/cyberark/ark-sdk-golang/pkg/common/ark_logger.go:317.39,323.3 5 30
github.com/cyberark/ark-sdk-golang/pkg/common/ark_logger.go:324.2,324.12 1 1
github.com/cyberark/ark-sdk-golang/pkg/common/ark_random_utils.go:27.31,30.2 2 5
github.com/cyberark/ark-sdk-golang/pkg/common/ark_random_utils.go:47.33,50.19 3 16
github.com/cyberark/ark-sdk-golang/pkg/common/ark_random_utils.go:50.19,52.3 1 281
github.com/cyberark/ark-sdk-golang/pkg/common/ark_random_utils.go:53.2,53.18 1 16
github.com/cyberark/ark-sdk-golang/pkg/common/ark_random_utils.go:71.39,74.19 3 7
github.com/cyberark/ark-sdk-golang/pkg/common/ark_random_utils.go:74.19,76.3 1 102
github.com/cyberark/ark-sdk-golang/pkg/common/ark_random_utils.go:77.2,77.18 1 7
github.com/cyberark/ark-sdk-golang/pkg/common/ark_random_utils.go:80.38,83.2 2 157
github.com/cyberark/ark-sdk-golang/pkg/common/ark_random_utils.go:85.27,86.37 1 20
github.com/cyberark/ark-sdk-golang/pkg/common/ark_random_utils.go:86.37,89.3 2 158
github.com/cyberark/ark-sdk-golang/pkg/common/ark_random_utils.go:110.35,111.11 1 18
github.com/cyberark/ark-sdk-golang/pkg/common/ark_random_utils.go:111.11,112.46 1 3
github.com/cyberark/ark-sdk-golang/pkg/common/ark_random_utils.go:114.2,129.25 3 15
github.com/cyberark/ark-sdk-golang/pkg/common/ark_random_utils.go:129.25,131.3 1 107
github.com/cyberark/ark-sdk-golang/pkg/common/ark_random_utils.go:134.2,136.25 2 15
github.com/cyberark/ark-sdk-golang/pkg/common/ark_retry.go:45.9,47.18 2 9
github.com/cyberark/ark-sdk-golang/pkg/common/ark_retry.go:47.18,49.17 2 16
github.com/cyberark/ark-sdk-golang/pkg/common/ark_retry.go:49.17,51.4 1 6
github.com/cyberark/ark-sdk-golang/pkg/common/ark_retry.go:53.3,54.18 2 10
github.com/cyberark/ark-sdk-golang/pkg/common/ark_retry.go:54.18,56.4 1 2
github.com/cyberark/ark-sdk-golang/pkg/common/ark_retry.go:58.3,58.20 1 8
github.com/cyberark/ark-sdk-golang/pkg/common/ark_retry.go:58.20,60.4 1 2
github.com/cyberark/ark-sdk-golang/pkg/common/ark_retry.go:62.3,65.29 3 8
github.com/cyberark/ark-sdk-golang/pkg/common/ark_retry.go:66.12,67.15 1 7
github.com/cyberark/ark-sdk-golang/pkg/common/ark_retry.go:68.15,69.41 1 1
github.com/cyberark/ark-sdk-golang/pkg/common/ark_retry.go:72.3,72.44 1 8
github.com/cyberark/ark-sdk-golang/pkg/common/ark_retry.go:72.44,74.4 1 1
github.com/cyberark/ark-sdk-golang/pkg/common/ark_retry.go:76.2,76.40 1 1
github.com/cyberark/ark-sdk-golang/pkg/common/ark_serializer.go:18.71,20.34 2 8
github.com/cyberark/ark-sdk-golang/pkg/common/ark_serializer.go:20.34,22.3 1 1
github.com/cyberark/ark-sdk-golang/pkg/common/ark_serializer.go:23.2,23.41 1 8
github.com/cyberark/ark-sdk-golang/pkg/common/ark_serializer.go:23.41,25.49 2 30
github.com/cyberark/ark-sdk-golang/pkg/common/ark_serializer.go:25.49,28.12 3 1
github.com/cyberark/ark-sdk-golang/pkg/common/ark_serializer.go:30.3,30.26 1 29
github.com/cyberark/ark-sdk-golang/pkg/common/ark_serializer.go:30.26,31.12 1 0
github.com/cyberark/ark-sdk-golang/pkg/common/ark_serializer.go:33.3,33.33 1 29
github.com/cyberark/ark-sdk-golang/pkg/common/ark_serializer.go:35.2,35.15 1 8
github.com/cyberark/ark-sdk-golang/pkg/common/ark_serializer.go:38.77,40.34 2 4
github.com/cyberark/ark-sdk-golang/pkg/common/ark_serializer.go:40.34,42.3 1 1
github.com/cyberark/ark-sdk-golang/pkg/common/ark_serializer.go:43.2,44.8 2 4
github.com/cyberark/ark-sdk-golang/pkg/common/ark_serializer.go:44.8,46.3 1 0
github.com/cyberark/ark-sdk-golang/pkg/common/ark_serializer.go:47.2,48.41 2 4
github.com/cyberark/ark-sdk-golang/pkg/common/ark_serializer.go:48.41,50.60 2 8
github.com/cyberark/ark-sdk-golang/pkg/common/ark_serializer.go:50.60,52.4 1 3
github.com/cyberark/ark-sdk-golang/pkg/common/ark_serializer.go:54.2,54.12 1 1
github.com/cyberark/ark-sdk-golang/pkg/common/ark_serializer.go:74.61,76.16 2 10
github.com/cyberark/ark-sdk-golang/pkg/common/ark_serializer.go:76.16,78.3 1 1
github.com/cyberark/ark-sdk-golang/pkg/common/ark_serializer.go:79.2,81.16 3 9
github.com/cyberark/ark-sdk-golang/pkg/common/ark_serializer.go:81.16,83.3 1 7
github.com/cyberark/ark-sdk-golang/pkg/common/ark_serializer.go:84.2,85.16 2 2
github.com/cyberark/ark-sdk-golang/pkg/common/ark_serializer.go:85.16,87.3 1 0
github.com/cyberark/ark-sdk-golang/pkg/common/ark_serializer.go:88.2,88.25 1 2
github.com/cyberark/ark-sdk-golang/pkg/common/ark_serializer.go:110.77,111.26 1 40
github.com/cyberark/ark-sdk-golang/pkg/common/ark_serializer.go:112.30,114.29 2 13
github.com/cyberark/ark-sdk-golang/pkg/common/ark_serializer.go:114.29,117.21 3 24
github.com/cyberark/ark-sdk-golang/pkg/common/ark_serializer.go:117.21,119.119 2 0
github.com/cyberark/ark-sdk-golang/pkg/common/ark_serializer.go:119.119,121.6 1 0
github.com/cyberark/ark-sdk-golang/pkg/common/ark_serializer.go:122.5,122.26 1 0
github.com/cyberark/ark-sdk-golang/pkg/common/ark_serializer.go:122.26,123.133 1 0
github.com/cyberark/ark-sdk-golang/pkg/common/ark_serializer.go:123.133,126.7 2 0
github.com/cyberark/ark-sdk-golang/pkg/common/ark_serializer.go:126.12,128.7 1 0
github.com/cyberark/ark-sdk-golang/pkg/common/ark_serializer.go:131.4,131.66 1 24
github.com/cyberark/ark-sdk-golang/pkg/common/ark_serializer.go:133.3,133.18 1 13
github.com/cyberark/ark-sdk-golang/pkg/common/ark_serializer.go:134.21,135.26 1 2
github.com/cyberark/ark-sdk-golang/pkg/common/ark_serializer.go:135.26,137.4 1 4
github.com/cyberark/ark-sdk-golang/pkg/common/ark_serializer.go:138.3,138.11 1 2
github.com/cyberark/ark-sdk-golang/pkg/common/ark_serializer.go:139.10,140.11 1 25
github.com/cyberark/ark-sdk-golang/pkg/common/ark_serializer.go:163.77,164.26 1 40
github.com/cyberark/ark-sdk-golang/pkg/common/ark_serializer.go:165.30,167.29 2 12
github.com/cyberark/ark-sdk-golang/pkg/common/ark_serializer.go:167.29,170.21 3 27
github.com/cyberark/ark-sdk-golang/pkg/common/ark_serializer.go:170.21,172.119 2 0
github.com/cyberark/ark-sdk-golang/pkg/common/ark_serializer.go:172.119,174.6 1 0
github.com/cyberark/ark-sdk-golang/pkg/common/ark_serializer.go:175.5,175.26 1 0
github.com/cyberark/ark-sdk-golang/pkg/common/ark_serializer.go:175.26,176.133 1 0
github.com/cyberark/ark-sdk-golang/pkg/common/ark_serializer.go:176.133,179.7 2 0
github.com/cyberark/ark-sdk-golang/pkg/common/ark_serializer.go:179.12,181.7 1 0
github.com/cyberark/ark-sdk-golang/pkg/common/ark_serializer.go:184.4,184.66 1 27
github.com/cyberark/ark-sdk-golang/pkg/common/ark_serializer.go:186.3,186.18 1 12
github.com/cyberark/ark-sdk-golang/pkg/common/ark_serializer.go:187.21,188.26 1 1
github.com/cyberark/ark-sdk-golang/pkg/common/ark_serializer.go:188.26,190.4 1 2
github.com/cyberark/ark-sdk-golang/pkg/common/ark_serializer.go:191.3,191.11 1 1
github.com/cyberark/ark-sdk-golang/pkg/common/ark_serializer.go:192.10,193.11 1 27
github.com/cyberark/ark-sdk-golang/pkg/common/ark_serializer.go:217.72,220.16 3 5
github.com/cyberark/ark-sdk-golang/pkg/common/ark_serializer.go:220.16,222.3 1 1
github.com/cyberark/ark-sdk-golang/pkg/common/ark_serializer.go:223.2,223.59 1 4
github.com/cyberark/ark-sdk-golang/pkg/common/ark_serializer.go:247.75,249.16 2 4
github.com/cyberark/ark-sdk-golang/pkg/common/ark_serializer.go:249.16,251.3 1 1
github.com/cyberark/ark-sdk-golang/pkg/common/ark_serializer.go:252.2,254.16 3 3
github.com/cyberark/ark-sdk-golang/pkg/common/ark_serializer.go:254.16,256.3 1 0
github.com/cyberark/ark-sdk-golang/pkg/common/ark_serializer.go:257.2,257.70 1 3
github.com/cyberark/ark-sdk-golang/pkg/common/ark_serializer.go:283.100,286.16 3 2
github.com/cyberark/ark-sdk-golang/pkg/common/ark_serializer.go:286.16,288.3 1 1
github.com/cyberark/ark-sdk-golang/pkg/common/ark_serializer.go:289.2,289.62 1 1
github.com/cyberark/ark-sdk-golang/pkg/common/ark_serializer.go:316.103,318.16 2 2
github.com/cyberark/ark-sdk-golang/pkg/common/ark_serializer.go:318.16,320.3 1 1
github.com/cyberark/ark-sdk-golang/pkg/common/ark_serializer.go:321.2,323.16 3 1
github.com/cyberark/ark-sdk-golang/pkg/common/ark_serializer.go:323.16,325.3 1 0
github.com/cyberark/ark-sdk-golang/pkg/common/ark_serializer.go:326.2,326.73 1 1
github.com/cyberark/ark-sdk-golang/pkg/common/ark_system_config.go:41.21,43.2 1 6
github.com/cyberark/ark-sdk-golang/pkg/common/ark_system_config.go:56.20,58.2 1 8
github.com/cyberark/ark-sdk-golang/pkg/common/ark_system_config.go:75.24,77.2 1 10
github.com/cyberark/ark-sdk-golang/pkg/common/ark_system_config.go:90.26,92.2 1 7
github.com/cyberark/ark-sdk-golang/pkg/common/ark_system_config.go:106.27,108.2 1 7
github.com/cyberark/ark-sdk-golang/pkg/common/ark_system_config.go:123.27,125.2 1 10
github.com/cyberark/ark-sdk-golang/pkg/common/ark_system_config.go:139.20,141.2 1 6
github.com/cyberark/ark-sdk-golang/pkg/common/ark_system_config.go:155.23,157.2 1 8
github.com/cyberark/ark-sdk-golang/pkg/common/ark_system_config.go:171.30,173.2 1 10
github.com/cyberark/ark-sdk-golang/pkg/common/ark_system_config.go:188.44,189.20 1 5
github.com/cyberark/ark-sdk-golang/pkg/common/ark_system_config.go:189.20,191.3 1 1
github.com/cyberark/ark-sdk-golang/pkg/common/ark_system_config.go:192.2,192.35 1 5
github.com/cyberark/ark-sdk-golang/pkg/common/ark_system_config.go:204.30,206.2 1 2
github.com/cyberark/ark-sdk-golang/pkg/common/ark_system_config.go:221.41,222.30 1 3
github.com/cyberark/ark-sdk-golang/pkg/common/ark_system_config.go:222.30,224.3 1 1
github.com/cyberark/ark-sdk-golang/pkg/common/ark_system_config.go:224.8,226.3 1 2
github.com/cyberark/ark-sdk-golang/pkg/common/ark_system_config.go:242.38,244.2 1 8
github.com/cyberark/ark-sdk-golang/pkg/common/ark_system_config.go:258.39,260.2 1 6
github.com/cyberark/ark-sdk-golang/pkg/common/ark_system_config.go:278.37,279.62 1 7
github.com/cyberark/ark-sdk-golang/pkg/common/ark_system_config.go:279.62,281.3 1 3
github.com/cyberark/ark-sdk-golang/pkg/common/ark_system_config.go:282.2,282.34 1 4
github.com/cyberark/ark-sdk-golang/pkg/common/ark_system_config.go:298.41,300.2 1 13
github.com/cyberark/ark-sdk-golang/pkg/common/ark_system_config.go:316.34,318.2 1 9
github.com/cyberark/ark-sdk-golang/pkg/common/ark_user_agent.go:30.25,32.2 1 15
github.com/cyberark/ark-sdk-golang/pkg/common/ark_version.go:27.36,28.19 1 78
github.com/cyberark/ark-sdk-golang/pkg/common/ark_version.go:28.19,30.3 1 67
github.com/cyberark/ark-sdk-golang/pkg/common/ark_version.go:44.26,46.2 1 56
